2022-05-26 18:02:00,483 [main] INFO RTEJobSearch - initialization of the properties file is done
2022-05-26 18:02:00,737 [main] INFO io.github.bonigarcia.wdm.WebDriverManager - Using chromedriver 101.0.4951.41 (since Google Chrome 101 is installed in your machine)
2022-05-26 18:02:00,753 [main] INFO io.github.bonigarcia.wdm.WebDriverManager - Exporting webdriver.chrome.driver as C:\Users\rprajapati\.m2\repository\webdriver\chromedriver\win32\101.0.4951.41\chromedriver.exe
2022-05-26 18:02:08,521 [main] INFO RTEJobSearch - Entered UserName
2022-05-26 18:02:09,689 [main] INFO RTEJobSearch - Entered Password
2022-05-26 18:02:10,893 [main] INFO RTEJobSearch - Login done
2022-05-26 18:02:25,350 [main] INFO RTEJobSearch - ======================RTE Job Search Test start==================
2022-05-26 18:02:25,666 [main] INFO RTEJobSearch - Clicked on Operations
2022-05-26 18:02:26,095 [main] INFO RTEJobSearch - Clicked on TaskLog
2022-05-26 18:02:28,373 [main] INFO RTEJobSearch - Clicked on SearchAllJobs
2022-05-26 18:02:31,538 [main] INFO RTEJobSearch - Total Rows==7
2022-05-26 18:02:31,646 [main] INFO RTEJobSearch - Clicked on Reset button
2022-05-26 18:02:32,076 [main] INFO RTEJobSearch - Entered RouteTrackingID
2022-05-26 18:02:32,241 [main] INFO RTEJobSearch - Click on Search button
2022-05-26 18:03:23,155 [main] INFO RTEJobSearch - Data is exist with search parameter
2022-05-26 18:03:23,195 [main] INFO RTEJobSearch - Total No of records are==1
2022-05-26 18:03:23,414 [main] INFO RTEJobSearch - JobID is==32417000
2022-05-26 18:03:23,872 [main] INFO RTEJobSearch - PickUpID is==3422238
2022-05-26 18:03:24,047 [main] INFO RTEJobSearch - BOLNo is==126212525
2022-05-26 18:03:24,414 [main] INFO RTEJobSearch - Clicked on Record
2022-05-26 18:03:28,327 [main] INFO RTEJobSearch - Clicked on Exit without Save
2022-05-26 18:03:29,370 [main] INFO RTEJobSearch - Entered PickUpID in basic search
2022-05-26 18:03:30,032 [main] INFO RTEJobSearch - Click on Search button
2022-05-26 18:03:33,142 [main] INFO RTEJobSearch - Data is exist with search parameter
2022-05-26 18:03:33,575 [main] INFO RTEJobSearch - Clicked on Exit without Save
2022-05-26 18:03:35,231 [main] INFO RTEJobSearch - Clicked on SearchAllJobs
2022-05-26 18:03:36,726 [main] INFO RTEJobSearch - Clicked on Reset button
2022-05-26 18:03:37,093 [main] INFO RTEJobSearch - Entered RouteTrackingID
2022-05-26 18:03:37,241 [main] INFO RTEJobSearch - Click on Search button
2022-05-26 18:04:27,893 [main] INFO RTEJobSearch - Data is exist with search parameter
2022-05-26 18:04:27,930 [main] INFO RTEJobSearch - Total No of records are==1
2022-05-26 18:04:28,132 [main] INFO RTEJobSearch - JobID is==32417001
2022-05-26 18:04:28,246 [main] INFO RTEJobSearch - PickUpID is==3422239
2022-05-26 18:04:28,369 [main] INFO RTEJobSearch - BOLNo is==126212547
2022-05-26 18:04:28,889 [main] INFO RTEJobSearch - Clicked on Record
2022-05-26 18:04:31,485 [main] INFO RTEJobSearch - Clicked on Exit without Save
2022-05-26 18:04:33,005 [main] INFO RTEJobSearch - Entered PickUpID in basic search
2022-05-26 18:04:33,245 [main] INFO RTEJobSearch - Click on Search button
2022-05-26 18:04:36,311 [main] INFO RTEJobSearch - Data is exist with search parameter
2022-05-26 18:04:36,803 [main] INFO RTEJobSearch - Clicked on Exit without Save
2022-05-26 18:04:38,310 [main] INFO RTEJobSearch - Clicked on SearchAllJobs
2022-05-26 18:04:39,900 [main] INFO RTEJobSearch - Clicked on Reset button
2022-05-26 18:04:40,204 [main] INFO RTEJobSearch - Entered RouteTrackingID
2022-05-26 18:04:40,350 [main] INFO RTEJobSearch - Click on Search button
2022-05-26 18:04:41,628 [main] INFO RTEJobSearch - There is no Data with Search parameter
2022-05-26 18:04:41,751 [main] INFO RTEJobSearch - Clicked on Reset button
2022-05-26 18:04:42,004 [main] INFO RTEJobSearch - Entered RouteTrackingID
2022-05-26 18:04:42,163 [main] INFO RTEJobSearch - Click on Search button
2022-05-26 18:04:43,471 [main] INFO RTEJobSearch - There is no Data with Search parameter
2022-05-26 18:04:43,574 [main] INFO RTEJobSearch - Clicked on Reset button
2022-05-26 18:04:43,885 [main] INFO RTEJobSearch - Entered RouteTrackingID
2022-05-26 18:04:43,997 [main] INFO RTEJobSearch - Click on Search button
2022-05-26 18:04:45,266 [main] INFO RTEJobSearch - There is no Data with Search parameter
2022-05-26 18:04:45,359 [main] INFO RTEJobSearch - Clicked on Reset button
2022-05-26 18:04:45,567 [main] INFO RTEJobSearch - Entered RouteTrackingID
2022-05-26 18:04:45,682 [main] INFO RTEJobSearch - Click on Search button
2022-05-26 18:04:46,938 [main] INFO RTEJobSearch - There is no Data with Search parameter
2022-05-26 18:04:46,938 [main] INFO RTEJobSearch - ======================RTE Job Search Test End==================
2022-05-26 18:04:50,406 [main] INFO RTEJobSearch - Logout Message is displayed==You have successfully logged out!
2022-05-26 18:04:50,407 [main] INFO RTEJobSearch - Logout done
2022-05-26 18:04:51,248 [main] INFO RTEJobSearch - ====Sending Email=====
