#
# A fatal error has been detected by the Java Runtime Environment:
#
#  Internal Error (generateOopMap.cpp:2164), pid=18064, tid=20676
#  fatal error: Illegal class file encountered. Try running with -Xverify:all in method rteCrudOperations
#
# JRE version: OpenJDK Runtime Environment (16.0.2+7) (build 16.0.2+7-67)
# Java VM: OpenJDK 64-Bit Server VM (16.0.2+7-67, mixed mode, tiered, compressed oops, compressed class ptrs, g1 gc, windows-amd64)
# No core dump will be written. Minidumps are not enabled by default on client versions of Windows
#
# If you would like to submit a bug report, please visit:
#   https://bugreport.java.com/bugreport/crash.jsp
#

---------------  S U M M A R Y ------------

Command Line: -XX:+ShowCodeDetailsInExceptionMessages -agentlib:jdwp=transport=dt_socket,suspend=y,address=localhost:50941 -ea -Dapplication.properties=\src\main\resources\config.properties -Dfile.encoding=Cp1252 org.testng.remote.RemoteTestNG -serport 50940 -protocol json -d C:\Users\rprajapati\git\RTE\RTE\test-output C:\Users\RPRAJA~1\AppData\Local\Temp\testng-eclipse-1578130345\testng-customsuite.xml

Host: Intel(R) Core(TM) i5-8265U CPU @ 1.60GHz, 8 cores, 7G,  Windows 10 , 64 bit Build 19041 (10.0.19041.1706)
Time: Mon May 23 17:04:15 2022 India Standard Time elapsed time: 748.389345 seconds (0d 0h 12m 28s)

---------------  T H R E A D  ---------------

Current thread (0x0000020b7e525b30):  VMThread "VM Thread" [stack: 0x0000001dadc00000,0x0000001dadd00000] [id=20676]

Stack: [0x0000001dadc00000,0x0000001dadd00000]
Native frames: (J=compiled Java code, j=interpreted, Vv=VM code, C=native code)
V  [jvm.dll+0x6681ca]
V  [jvm.dll+0x7c9e69]
V  [jvm.dll+0x7cb61e]
V  [jvm.dll+0x7cbc27]
V  [jvm.dll+0x2429b3]
V  [jvm.dll+0x330cf9]
V  [jvm.dll+0x330571]
V  [jvm.dll+0x32f9b6]
V  [jvm.dll+0x32cdaf]
V  [jvm.dll+0x32c037]
V  [jvm.dll+0x656cce]
V  [jvm.dll+0x6569d3]
V  [jvm.dll+0x61c1e8]
V  [jvm.dll+0x7c18f5]
V  [jvm.dll+0x520446]
V  [jvm.dll+0x7d00ab]
V  [jvm.dll+0x7d0da4]
V  [jvm.dll+0x7d12a9]
V  [jvm.dll+0x7d1564]
V  [jvm.dll+0x7d1630]
V  [jvm.dll+0x7795aa]
V  [jvm.dll+0x667066]
C  [ucrtbase.dll+0x21bb2]
C  [KERNEL32.DLL+0x17034]
C  [ntdll.dll+0x52651]

VM_Operation (0x0000001dae6feef0): get/set locals, mode: safepoint, requested by thread 0x0000020b7f1bd7d0


---------------  P R O C E S S  ---------------

Threads class SMR info:
_java_thread_list=0x0000020b11b2c1b0, length=21, elements={
0x0000020b71785a90, 0x0000020b7e53c020, 0x0000020b7e53cdf0, 0x0000020b7f01c440,
0x0000020b7f020170, 0x0000020b7f020a80, 0x0000020b7f021390, 0x0000020b7f0254d0,
0x0000020b7f02de30, 0x0000020b7f032b90, 0x0000020b7f1bd7d0, 0x0000020b7f1bf4e0,
0x0000020b7f1c2020, 0x0000020b7f1c8250, 0x0000020b7f1f28d0, 0x0000020b0f016580,
0x0000020b0f553660, 0x0000020b0f54e050, 0x0000020b0f7fe180, 0x0000020b0f2214a0,
0x0000020b0f2219f0
}

Java Threads: ( => current thread )
  0x0000020b71785a90 JavaThread "main" [_thread_blocked, id=20864, stack(0x0000001dad600000,0x0000001dad700000)]
  0x0000020b7e53c020 JavaThread "Reference Handler" daemon [_thread_blocked, id=17280, stack(0x0000001dadd00000,0x0000001dade00000)]
  0x0000020b7e53cdf0 JavaThread "Finalizer" daemon [_thread_blocked, id=11004, stack(0x0000001dade00000,0x0000001dadf00000)]
  0x0000020b7f01c440 JavaThread "Signal Dispatcher" daemon [_thread_blocked, id=21768, stack(0x0000001dadf00000,0x0000001dae000000)]
  0x0000020b7f020170 JavaThread "Attach Listener" daemon [_thread_blocked, id=2592, stack(0x0000001dae000000,0x0000001dae100000)]
  0x0000020b7f020a80 JavaThread "Service Thread" daemon [_thread_blocked, id=22532, stack(0x0000001dae100000,0x0000001dae200000)]
  0x0000020b7f021390 JavaThread "Monitor Deflation Thread" daemon [_thread_blocked, id=9924, stack(0x0000001dae200000,0x0000001dae300000)]
  0x0000020b7f0254d0 JavaThread "C2 CompilerThread0" daemon [_thread_blocked, id=2548, stack(0x0000001dae300000,0x0000001dae400000)]
  0x0000020b7f02de30 JavaThread "C1 CompilerThread0" daemon [_thread_blocked, id=15048, stack(0x0000001dae400000,0x0000001dae500000)]
  0x0000020b7f032b90 JavaThread "Sweeper thread" daemon [_thread_blocked, id=22168, stack(0x0000001dae500000,0x0000001dae600000)]
  0x0000020b7f1bd7d0 JavaThread "JDWP Transport Listener: dt_socket" daemon [_thread_blocked, id=9268, stack(0x0000001dae600000,0x0000001dae700000)]
  0x0000020b7f1bf4e0 JavaThread "JDWP Event Helper Thread" daemon [_thread_blocked, id=15796, stack(0x0000001dae700000,0x0000001dae800000)]
  0x0000020b7f1c2020 JavaThread "JDWP Command Reader" daemon [_thread_in_native, id=12964, stack(0x0000001dae800000,0x0000001dae900000)]
  0x0000020b7f1c8250 JavaThread "Notification Thread" daemon [_thread_blocked, id=21648, stack(0x0000001dae900000,0x0000001daea00000)]
  0x0000020b7f1f28d0 JavaThread "Common-Cleaner" daemon [_thread_blocked, id=7508, stack(0x0000001daeb00000,0x0000001daec00000)]
  0x0000020b0f016580 JavaThread "ReaderThread" [_thread_in_native, id=21356, stack(0x0000001daee00000,0x0000001daef00000)]
  0x0000020b0f553660 JavaThread "Exec Default Executor" daemon [_thread_in_native, id=16700, stack(0x0000001daf600000,0x0000001daf700000)]
  0x0000020b0f54e050 JavaThread "Exec Stream Pumper" daemon [_thread_in_native, id=15044, stack(0x0000001daf900000,0x0000001dafa00000)]
  0x0000020b0f7fe180 JavaThread "Exec Stream Pumper" daemon [_thread_in_native, id=11836, stack(0x0000001dafa00000,0x0000001dafb00000)]
  0x0000020b0f2214a0 JavaThread "OkHttp ConnectionPool" daemon [_thread_blocked, id=15040, stack(0x0000001dafd00000,0x0000001dafe00000)]
  0x0000020b0f2219f0 JavaThread "Okio Watchdog" daemon [_thread_blocked, id=18720, stack(0x0000001dafe00000,0x0000001daff00000)]

Other Threads:
=>0x0000020b7e525b30 VMThread "VM Thread" [stack: 0x0000001dadc00000,0x0000001dadd00000] [id=20676]
  0x0000020b7f1c8b80 WatcherThread [stack: 0x0000001daea00000,0x0000001daeb00000] [id=15076]
  0x0000020b717c1fa0 GCTaskThread "GC Thread#0" [stack: 0x0000001dad700000,0x0000001dad800000] [id=360]
  0x0000020b0f28a020 GCTaskThread "GC Thread#1" [stack: 0x0000001daef00000,0x0000001daf000000] [id=7144]
  0x0000020b0f28a330 GCTaskThread "GC Thread#2" [stack: 0x0000001daf000000,0x0000001daf100000] [id=3020]
  0x0000020b0f28a640 GCTaskThread "GC Thread#3" [stack: 0x0000001daf100000,0x0000001daf200000] [id=17988]
  0x0000020b0f3ca4c0 GCTaskThread "GC Thread#4" [stack: 0x0000001daf200000,0x0000001daf300000] [id=18716]
  0x0000020b0f3cabe0 GCTaskThread "GC Thread#5" [stack: 0x0000001daf300000,0x0000001daf400000] [id=19624]
  0x0000020b0f3caef0 GCTaskThread "GC Thread#6" [stack: 0x0000001daf400000,0x0000001daf500000] [id=7032]
  0x0000020b0f3cb200 GCTaskThread "GC Thread#7" [stack: 0x0000001daf500000,0x0000001daf600000] [id=21692]
  0x0000020b717d2c70 ConcurrentGCThread "G1 Main Marker" [stack: 0x0000001dad800000,0x0000001dad900000] [id=17740]
  0x0000020b717d3e10 ConcurrentGCThread "G1 Conc#0" [stack: 0x0000001dad900000,0x0000001dada00000] [id=21900]
  0x0000020b0f5c26e0 ConcurrentGCThread "G1 Conc#1" [stack: 0x0000001daf700000,0x0000001daf800000] [id=9484]
  0x0000020b7e370090 ConcurrentGCThread "G1 Refine#0" [stack: 0x0000001dada00000,0x0000001dadb00000] [id=8248]
  0x0000020b7e371930 ConcurrentGCThread "G1 Service" [stack: 0x0000001dadb00000,0x0000001dadc00000] [id=11872]

Threads with active compile tasks:

VM state: at safepoint (normal execution)

VM Mutex/Monitor currently owned by a thread:  ([mutex/lock_event])
[0x0000020b71782be0] Threads_lock - owner thread: 0x0000020b7e525b30

Heap address: 0x0000000081c00000, size: 2020 MB, Compressed Oops mode: 32-bit

CDS disabled.
Compressed class space mapped at: 0x0000000100000000-0x0000000140000000, reserved size: 1073741824
Narrow klass base: 0x0000000000000000, Narrow klass shift: 3, Narrow klass range: 0x140000000

GC Precious Log:
 CPUs: 8 total, 8 available
 Memory: 8078M
 Large Page Support: Disabled
 NUMA Support: Disabled
 Compressed Oops: Enabled (32-bit)
 Heap Region Size: 1M
 Heap Min Capacity: 8M
 Heap Initial Capacity: 128M
 Heap Max Capacity: 2020M
 Pre-touch: Disabled
 Parallel Workers: 8
 Concurrent Workers: 2
 Concurrent Refinement Workers: 8
 Periodic GC: Disabled

Heap:
 garbage-first heap   total 205824K, used 106990K [0x0000000081c00000, 0x0000000100000000)
  region size 1024K, 91 young (93184K), 1 survivors (1024K)
 Metaspace       used 37098K, committed 37376K, reserved 1089536K
  class space    used 3830K, committed 3968K, reserved 1048576K

Heap Regions: E=young(eden), S=young(survivor), O=old, HS=humongous(starts), HC=humongous(continues), CS=collection set, F=free, OA=open archive, CA=closed archive, TAMS=top-at-mark-start (previous, next)
|   0|0x0000000081c00000, 0x0000000081d00000, 0x0000000081d00000|100%|HS|  |TAMS 0x0000000081d00000, 0x0000000081d00000| Complete 
|   1|0x0000000081d00000, 0x0000000081e00000, 0x0000000081e00000|100%| O|  |TAMS 0x0000000081e00000, 0x0000000081e00000| Untracked 
|   2|0x0000000081e00000, 0x0000000081f00000, 0x0000000081f00000|100%| O|  |TAMS 0x0000000081f00000, 0x0000000081f00000| Untracked 
|   3|0x0000000081f00000, 0x0000000082000000, 0x0000000082000000|100%| O|  |TAMS 0x0000000082000000, 0x0000000082000000| Untracked 
|   4|0x0000000082000000, 0x0000000082100000, 0x0000000082100000|100%| O|  |TAMS 0x0000000082100000, 0x0000000082100000| Untracked 
|   5|0x0000000082100000, 0x0000000082200000, 0x0000000082200000|100%| O|  |TAMS 0x0000000082200000, 0x0000000082200000| Untracked 
|   6|0x0000000082200000, 0x0000000082300000, 0x0000000082300000|100%| O|  |TAMS 0x0000000082300000, 0x0000000082300000| Untracked 
|   7|0x0000000082300000, 0x000000008232ae00, 0x0000000082400000| 16%| O|  |TAMS 0x000000008232ae00, 0x000000008232ae00| Untracked 
|   8|0x0000000082400000, 0x0000000082500000, 0x0000000082500000|100%| O|  |TAMS 0x0000000082500000, 0x0000000082500000| Untracked 
|   9|0x0000000082500000, 0x0000000082600000, 0x0000000082600000|100%| O|  |TAMS 0x0000000082600000, 0x0000000082600000| Untracked 
|  10|0x0000000082600000, 0x0000000082700000, 0x0000000082700000|100%| O|  |TAMS 0x0000000082700000, 0x0000000082700000| Untracked 
|  11|0x0000000082700000, 0x0000000082800000, 0x0000000082800000|100%| O|  |TAMS 0x0000000082800000, 0x0000000082800000| Untracked 
|  12|0x0000000082800000, 0x0000000082828c00, 0x0000000082900000| 15%| O|  |TAMS 0x0000000082804c00, 0x0000000082806600| Untracked 
|  13|0x0000000082900000, 0x0000000082900000, 0x0000000082a00000|  0%| F|  |TAMS 0x0000000082900000, 0x0000000082900000| Untracked 
|  14|0x0000000082a00000, 0x0000000082a00000, 0x0000000082b00000|  0%| F|  |TAMS 0x0000000082a00000, 0x0000000082a00000| Untracked 
|  15|0x0000000082b00000, 0x0000000082b00000, 0x0000000082c00000|  0%| F|  |TAMS 0x0000000082b00000, 0x0000000082b00000| Untracked 
|  16|0x0000000082c00000, 0x0000000082c00000, 0x0000000082d00000|  0%| F|  |TAMS 0x0000000082c00000, 0x0000000082c00000| Untracked 
|  17|0x0000000082d00000, 0x0000000082d00000, 0x0000000082e00000|  0%| F|  |TAMS 0x0000000082d00000, 0x0000000082d00000| Untracked 
|  18|0x0000000082e00000, 0x0000000082e00000, 0x0000000082f00000|  0%| F|  |TAMS 0x0000000082e00000, 0x0000000082e00000| Untracked 
|  19|0x0000000082f00000, 0x0000000082f00000, 0x0000000083000000|  0%| F|  |TAMS 0x0000000082f00000, 0x0000000082f00000| Untracked 
|  20|0x0000000083000000, 0x0000000083000000, 0x0000000083100000|  0%| F|  |TAMS 0x0000000083000000, 0x0000000083000000| Untracked 
|  21|0x0000000083100000, 0x0000000083100000, 0x0000000083200000|  0%| F|  |TAMS 0x0000000083100000, 0x0000000083100000| Untracked 
|  22|0x0000000083200000, 0x0000000083200000, 0x0000000083300000|  0%| F|  |TAMS 0x0000000083200000, 0x0000000083200000| Untracked 
|  23|0x0000000083300000, 0x0000000083300000, 0x0000000083400000|  0%| F|  |TAMS 0x0000000083300000, 0x0000000083300000| Untracked 
|  24|0x0000000083400000, 0x0000000083400000, 0x0000000083500000|  0%| F|  |TAMS 0x0000000083400000, 0x0000000083400000| Untracked 
|  25|0x0000000083500000, 0x0000000083500000, 0x0000000083600000|  0%| F|  |TAMS 0x0000000083500000, 0x0000000083500000| Untracked 
|  26|0x0000000083600000, 0x0000000083600000, 0x0000000083700000|  0%| F|  |TAMS 0x0000000083600000, 0x0000000083600000| Untracked 
|  27|0x0000000083700000, 0x0000000083700000, 0x0000000083800000|  0%| F|  |TAMS 0x0000000083700000, 0x0000000083700000| Untracked 
|  28|0x0000000083800000, 0x0000000083800000, 0x0000000083900000|  0%| F|  |TAMS 0x0000000083800000, 0x0000000083800000| Untracked 
|  29|0x0000000083900000, 0x0000000083900000, 0x0000000083a00000|  0%| F|  |TAMS 0x0000000083900000, 0x0000000083900000| Untracked 
|  30|0x0000000083a00000, 0x0000000083a00000, 0x0000000083b00000|  0%| F|  |TAMS 0x0000000083a00000, 0x0000000083a00000| Untracked 
|  31|0x0000000083b00000, 0x0000000083b00000, 0x0000000083c00000|  0%| F|  |TAMS 0x0000000083b00000, 0x0000000083b00000| Untracked 
|  32|0x0000000083c00000, 0x0000000083c00000, 0x0000000083d00000|  0%| F|  |TAMS 0x0000000083c00000, 0x0000000083c00000| Untracked 
|  33|0x0000000083d00000, 0x0000000083d00000, 0x0000000083e00000|  0%| F|  |TAMS 0x0000000083d00000, 0x0000000083d00000| Untracked 
|  34|0x0000000083e00000, 0x0000000083e00000, 0x0000000083f00000|  0%| F|  |TAMS 0x0000000083e00000, 0x0000000083e00000| Untracked 
|  35|0x0000000083f00000, 0x0000000083f00000, 0x0000000084000000|  0%| F|  |TAMS 0x0000000083f00000, 0x0000000083f00000| Untracked 
|  36|0x0000000084000000, 0x0000000084000000, 0x0000000084100000|  0%| F|  |TAMS 0x0000000084000000, 0x0000000084000000| Untracked 
|  37|0x0000000084100000, 0x0000000084100000, 0x0000000084200000|  0%| F|  |TAMS 0x0000000084100000, 0x0000000084100000| Untracked 
|  38|0x0000000084200000, 0x0000000084200000, 0x0000000084300000|  0%| F|  |TAMS 0x0000000084200000, 0x0000000084200000| Untracked 
|  39|0x0000000084300000, 0x0000000084300000, 0x0000000084400000|  0%| F|  |TAMS 0x0000000084300000, 0x0000000084300000| Untracked 
|  40|0x0000000084400000, 0x0000000084400000, 0x0000000084500000|  0%| F|  |TAMS 0x0000000084400000, 0x0000000084400000| Untracked 
|  41|0x0000000084500000, 0x0000000084500000, 0x0000000084600000|  0%| F|  |TAMS 0x0000000084500000, 0x0000000084500000| Untracked 
|  42|0x0000000084600000, 0x0000000084600000, 0x0000000084700000|  0%| F|  |TAMS 0x0000000084600000, 0x0000000084600000| Untracked 
|  43|0x0000000084700000, 0x0000000084700000, 0x0000000084800000|  0%| F|  |TAMS 0x0000000084700000, 0x0000000084700000| Untracked 
|  44|0x0000000084800000, 0x0000000084800000, 0x0000000084900000|  0%| F|  |TAMS 0x0000000084800000, 0x0000000084800000| Untracked 
|  45|0x0000000084900000, 0x0000000084900000, 0x0000000084a00000|  0%| F|  |TAMS 0x0000000084900000, 0x0000000084900000| Untracked 
|  46|0x0000000084a00000, 0x0000000084a00000, 0x0000000084b00000|  0%| F|  |TAMS 0x0000000084a00000, 0x0000000084a00000| Untracked 
|  47|0x0000000084b00000, 0x0000000084b00000, 0x0000000084c00000|  0%| F|  |TAMS 0x0000000084b00000, 0x0000000084b00000| Untracked 
|  48|0x0000000084c00000, 0x0000000084c00000, 0x0000000084d00000|  0%| F|  |TAMS 0x0000000084c00000, 0x0000000084c00000| Untracked 
|  49|0x0000000084d00000, 0x0000000084d00000, 0x0000000084e00000|  0%| F|  |TAMS 0x0000000084d00000, 0x0000000084d00000| Untracked 
|  50|0x0000000084e00000, 0x0000000084e00000, 0x0000000084f00000|  0%| F|  |TAMS 0x0000000084e00000, 0x0000000084e00000| Untracked 
|  51|0x0000000084f00000, 0x0000000084f00000, 0x0000000085000000|  0%| F|  |TAMS 0x0000000084f00000, 0x0000000084f00000| Untracked 
|  52|0x0000000085000000, 0x0000000085000000, 0x0000000085100000|  0%| F|  |TAMS 0x0000000085000000, 0x0000000085000000| Untracked 
|  53|0x0000000085100000, 0x0000000085100000, 0x0000000085200000|  0%| F|  |TAMS 0x0000000085100000, 0x0000000085100000| Untracked 
|  54|0x0000000085200000, 0x0000000085200000, 0x0000000085300000|  0%| F|  |TAMS 0x0000000085200000, 0x0000000085200000| Untracked 
|  55|0x0000000085300000, 0x0000000085300000, 0x0000000085400000|  0%| F|  |TAMS 0x0000000085300000, 0x0000000085300000| Untracked 
|  56|0x0000000085400000, 0x0000000085400000, 0x0000000085500000|  0%| F|  |TAMS 0x0000000085400000, 0x0000000085400000| Untracked 
|  57|0x0000000085500000, 0x0000000085500000, 0x0000000085600000|  0%| F|  |TAMS 0x0000000085500000, 0x0000000085500000| Untracked 
|  58|0x0000000085600000, 0x0000000085600000, 0x0000000085700000|  0%| F|  |TAMS 0x0000000085600000, 0x0000000085600000| Untracked 
|  59|0x0000000085700000, 0x0000000085700000, 0x0000000085800000|  0%| F|  |TAMS 0x0000000085700000, 0x0000000085700000| Untracked 
|  60|0x0000000085800000, 0x0000000085800000, 0x0000000085900000|  0%| F|  |TAMS 0x0000000085800000, 0x0000000085800000| Untracked 
|  61|0x0000000085900000, 0x0000000085900000, 0x0000000085a00000|  0%| F|  |TAMS 0x0000000085900000, 0x0000000085900000| Untracked 
|  62|0x0000000085a00000, 0x0000000085a00000, 0x0000000085b00000|  0%| F|  |TAMS 0x0000000085a00000, 0x0000000085a00000| Untracked 
|  63|0x0000000085b00000, 0x0000000085b00000, 0x0000000085c00000|  0%| F|  |TAMS 0x0000000085b00000, 0x0000000085b00000| Untracked 
|  64|0x0000000085c00000, 0x0000000085c00000, 0x0000000085d00000|  0%| F|  |TAMS 0x0000000085c00000, 0x0000000085c00000| Untracked 
|  65|0x0000000085d00000, 0x0000000085d00000, 0x0000000085e00000|  0%| F|  |TAMS 0x0000000085d00000, 0x0000000085d00000| Untracked 
|  66|0x0000000085e00000, 0x0000000085e00000, 0x0000000085f00000|  0%| F|  |TAMS 0x0000000085e00000, 0x0000000085e00000| Untracked 
|  67|0x0000000085f00000, 0x0000000085f00000, 0x0000000086000000|  0%| F|  |TAMS 0x0000000085f00000, 0x0000000085f00000| Untracked 
|  68|0x0000000086000000, 0x0000000086000000, 0x0000000086100000|  0%| F|  |TAMS 0x0000000086000000, 0x0000000086000000| Untracked 
|  69|0x0000000086100000, 0x0000000086100000, 0x0000000086200000|  0%| F|  |TAMS 0x0000000086100000, 0x0000000086100000| Untracked 
|  70|0x0000000086200000, 0x0000000086200000, 0x0000000086300000|  0%| F|  |TAMS 0x0000000086200000, 0x0000000086200000| Untracked 
|  71|0x0000000086300000, 0x0000000086300000, 0x0000000086400000|  0%| F|  |TAMS 0x0000000086300000, 0x0000000086300000| Untracked 
|  72|0x0000000086400000, 0x0000000086400000, 0x0000000086500000|  0%| F|  |TAMS 0x0000000086400000, 0x0000000086400000| Untracked 
|  73|0x0000000086500000, 0x0000000086500000, 0x0000000086600000|  0%| F|  |TAMS 0x0000000086500000, 0x0000000086500000| Untracked 
|  74|0x0000000086600000, 0x0000000086600000, 0x0000000086700000|  0%| F|  |TAMS 0x0000000086600000, 0x0000000086600000| Untracked 
|  75|0x0000000086700000, 0x0000000086700000, 0x0000000086800000|  0%| F|  |TAMS 0x0000000086700000, 0x0000000086700000| Untracked 
|  76|0x0000000086800000, 0x00000000868281d0, 0x0000000086900000| 15%| S|CS|TAMS 0x0000000086800000, 0x0000000086800000| Complete 
|  77|0x0000000086900000, 0x0000000086900000, 0x0000000086a00000|  0%| F|  |TAMS 0x0000000086900000, 0x0000000086900000| Untracked 
|  78|0x0000000086a00000, 0x0000000086a00000, 0x0000000086b00000|  0%| F|  |TAMS 0x0000000086a00000, 0x0000000086a00000| Untracked 
|  79|0x0000000086b00000, 0x0000000086b00000, 0x0000000086c00000|  0%| F|  |TAMS 0x0000000086b00000, 0x0000000086b00000| Untracked 
|  80|0x0000000086c00000, 0x0000000086c00000, 0x0000000086d00000|  0%| F|  |TAMS 0x0000000086c00000, 0x0000000086c00000| Untracked 
|  81|0x0000000086d00000, 0x0000000086d00000, 0x0000000086e00000|  0%| F|  |TAMS 0x0000000086d00000, 0x0000000086d00000| Untracked 
|  82|0x0000000086e00000, 0x0000000086e00000, 0x0000000086f00000|  0%| F|  |TAMS 0x0000000086e00000, 0x0000000086e00000| Untracked 
|  83|0x0000000086f00000, 0x0000000086f00000, 0x0000000087000000|  0%| F|  |TAMS 0x0000000086f00000, 0x0000000086f00000| Untracked 
|  84|0x0000000087000000, 0x0000000087000000, 0x0000000087100000|  0%| F|  |TAMS 0x0000000087000000, 0x0000000087000000| Untracked 
|  85|0x0000000087100000, 0x0000000087100000, 0x0000000087200000|  0%| F|  |TAMS 0x0000000087100000, 0x0000000087100000| Untracked 
|  86|0x0000000087200000, 0x0000000087200000, 0x0000000087300000|  0%| F|  |TAMS 0x0000000087200000, 0x0000000087200000| Untracked 
|  87|0x0000000087300000, 0x0000000087300000, 0x0000000087400000|  0%| F|  |TAMS 0x0000000087300000, 0x0000000087300000| Untracked 
|  88|0x0000000087400000, 0x0000000087400000, 0x0000000087500000|  0%| F|  |TAMS 0x0000000087400000, 0x0000000087400000| Untracked 
|  89|0x0000000087500000, 0x0000000087500000, 0x0000000087600000|  0%| F|  |TAMS 0x0000000087500000, 0x0000000087500000| Untracked 
|  90|0x0000000087600000, 0x0000000087600000, 0x0000000087700000|  0%| F|  |TAMS 0x0000000087600000, 0x0000000087600000| Untracked 
|  91|0x0000000087700000, 0x0000000087700000, 0x0000000087800000|  0%| F|  |TAMS 0x0000000087700000, 0x0000000087700000| Untracked 
|  92|0x0000000087800000, 0x0000000087800000, 0x0000000087900000|  0%| F|  |TAMS 0x0000000087800000, 0x0000000087800000| Untracked 
|  93|0x0000000087900000, 0x0000000087900000, 0x0000000087a00000|  0%| F|  |TAMS 0x0000000087900000, 0x0000000087900000| Untracked 
|  94|0x0000000087a00000, 0x0000000087a00000, 0x0000000087b00000|  0%| F|  |TAMS 0x0000000087a00000, 0x0000000087a00000| Untracked 
|  95|0x0000000087b00000, 0x0000000087b00000, 0x0000000087c00000|  0%| F|  |TAMS 0x0000000087b00000, 0x0000000087b00000| Untracked 
|  96|0x0000000087c00000, 0x0000000087c00000, 0x0000000087d00000|  0%| F|  |TAMS 0x0000000087c00000, 0x0000000087c00000| Untracked 
|  97|0x0000000087d00000, 0x0000000087d00000, 0x0000000087e00000|  0%| F|  |TAMS 0x0000000087d00000, 0x0000000087d00000| Untracked 
|  98|0x0000000087e00000, 0x0000000087e00000, 0x0000000087f00000|  0%| F|  |TAMS 0x0000000087e00000, 0x0000000087e00000| Untracked 
|  99|0x0000000087f00000, 0x0000000087f00000, 0x0000000088000000|  0%| F|  |TAMS 0x0000000087f00000, 0x0000000087f00000| Untracked 
| 100|0x0000000088000000, 0x0000000088000000, 0x0000000088100000|  0%| F|  |TAMS 0x0000000088000000, 0x0000000088000000| Untracked 
| 101|0x0000000088100000, 0x0000000088100000, 0x0000000088200000|  0%| F|  |TAMS 0x0000000088100000, 0x0000000088100000| Untracked 
| 102|0x0000000088200000, 0x0000000088200000, 0x0000000088300000|  0%| F|  |TAMS 0x0000000088200000, 0x0000000088200000| Untracked 
| 103|0x0000000088300000, 0x0000000088300000, 0x0000000088400000|  0%| F|  |TAMS 0x0000000088300000, 0x0000000088300000| Untracked 
| 104|0x0000000088400000, 0x0000000088400000, 0x0000000088500000|  0%| F|  |TAMS 0x0000000088400000, 0x0000000088400000| Untracked 
| 105|0x0000000088500000, 0x0000000088500000, 0x0000000088600000|  0%| F|  |TAMS 0x0000000088500000, 0x0000000088500000| Untracked 
| 106|0x0000000088600000, 0x0000000088600000, 0x0000000088700000|  0%| F|  |TAMS 0x0000000088600000, 0x0000000088600000| Untracked 
| 107|0x0000000088700000, 0x0000000088780800, 0x0000000088800000| 50%| E|  |TAMS 0x0000000088700000, 0x0000000088700000| Complete 
| 108|0x0000000088800000, 0x0000000088900000, 0x0000000088900000|100%| E|CS|TAMS 0x0000000088800000, 0x0000000088800000| Complete 
| 109|0x0000000088900000, 0x0000000088a00000, 0x0000000088a00000|100%| E|CS|TAMS 0x0000000088900000, 0x0000000088900000| Complete 
| 110|0x0000000088a00000, 0x0000000088b00000, 0x0000000088b00000|100%| E|CS|TAMS 0x0000000088a00000, 0x0000000088a00000| Complete 
| 111|0x0000000088b00000, 0x0000000088c00000, 0x0000000088c00000|100%| E|CS|TAMS 0x0000000088b00000, 0x0000000088b00000| Complete 
| 112|0x0000000088c00000, 0x0000000088d00000, 0x0000000088d00000|100%| E|CS|TAMS 0x0000000088c00000, 0x0000000088c00000| Complete 
| 113|0x0000000088d00000, 0x0000000088e00000, 0x0000000088e00000|100%| E|CS|TAMS 0x0000000088d00000, 0x0000000088d00000| Complete 
| 114|0x0000000088e00000, 0x0000000088f00000, 0x0000000088f00000|100%| E|CS|TAMS 0x0000000088e00000, 0x0000000088e00000| Complete 
| 115|0x0000000088f00000, 0x0000000089000000, 0x0000000089000000|100%| E|CS|TAMS 0x0000000088f00000, 0x0000000088f00000| Complete 
| 116|0x0000000089000000, 0x0000000089100000, 0x0000000089100000|100%| E|CS|TAMS 0x0000000089000000, 0x0000000089000000| Complete 
| 117|0x0000000089100000, 0x0000000089200000, 0x0000000089200000|100%| E|CS|TAMS 0x0000000089100000, 0x0000000089100000| Complete 
| 118|0x0000000089200000, 0x0000000089300000, 0x0000000089300000|100%| E|CS|TAMS 0x0000000089200000, 0x0000000089200000| Complete 
| 119|0x0000000089300000, 0x0000000089400000, 0x0000000089400000|100%| E|CS|TAMS 0x0000000089300000, 0x0000000089300000| Complete 
| 120|0x0000000089400000, 0x0000000089500000, 0x0000000089500000|100%| E|CS|TAMS 0x0000000089400000, 0x0000000089400000| Complete 
| 121|0x0000000089500000, 0x0000000089600000, 0x0000000089600000|100%| E|CS|TAMS 0x0000000089500000, 0x0000000089500000| Complete 
| 122|0x0000000089600000, 0x0000000089700000, 0x0000000089700000|100%| E|CS|TAMS 0x0000000089600000, 0x0000000089600000| Complete 
| 123|0x0000000089700000, 0x0000000089800000, 0x0000000089800000|100%| E|CS|TAMS 0x0000000089700000, 0x0000000089700000| Complete 
| 124|0x0000000089800000, 0x0000000089900000, 0x0000000089900000|100%| E|CS|TAMS 0x0000000089800000, 0x0000000089800000| Complete 
| 125|0x0000000089900000, 0x0000000089a00000, 0x0000000089a00000|100%| E|CS|TAMS 0x0000000089900000, 0x0000000089900000| Complete 
| 126|0x0000000089a00000, 0x0000000089b00000, 0x0000000089b00000|100%| E|CS|TAMS 0x0000000089a00000, 0x0000000089a00000| Complete 
| 127|0x0000000089b00000, 0x0000000089c00000, 0x0000000089c00000|100%| E|CS|TAMS 0x0000000089b00000, 0x0000000089b00000| Complete 
| 128|0x0000000089c00000, 0x0000000089d00000, 0x0000000089d00000|100%| E|CS|TAMS 0x0000000089c00000, 0x0000000089c00000| Complete 
| 129|0x0000000089d00000, 0x0000000089e00000, 0x0000000089e00000|100%| E|CS|TAMS 0x0000000089d00000, 0x0000000089d00000| Complete 
| 130|0x0000000089e00000, 0x0000000089f00000, 0x0000000089f00000|100%| E|CS|TAMS 0x0000000089e00000, 0x0000000089e00000| Complete 
| 131|0x0000000089f00000, 0x000000008a000000, 0x000000008a000000|100%| E|CS|TAMS 0x0000000089f00000, 0x0000000089f00000| Complete 
| 132|0x000000008a000000, 0x000000008a100000, 0x000000008a100000|100%| E|CS|TAMS 0x000000008a000000, 0x000000008a000000| Complete 
| 133|0x000000008a100000, 0x000000008a200000, 0x000000008a200000|100%| E|CS|TAMS 0x000000008a100000, 0x000000008a100000| Complete 
| 134|0x000000008a200000, 0x000000008a300000, 0x000000008a300000|100%| E|CS|TAMS 0x000000008a200000, 0x000000008a200000| Complete 
| 135|0x000000008a300000, 0x000000008a400000, 0x000000008a400000|100%| E|CS|TAMS 0x000000008a300000, 0x000000008a300000| Complete 
| 136|0x000000008a400000, 0x000000008a500000, 0x000000008a500000|100%| E|CS|TAMS 0x000000008a400000, 0x000000008a400000| Complete 
| 137|0x000000008a500000, 0x000000008a600000, 0x000000008a600000|100%| E|CS|TAMS 0x000000008a500000, 0x000000008a500000| Complete 
| 138|0x000000008a600000, 0x000000008a700000, 0x000000008a700000|100%| E|CS|TAMS 0x000000008a600000, 0x000000008a600000| Complete 
| 139|0x000000008a700000, 0x000000008a800000, 0x000000008a800000|100%| E|CS|TAMS 0x000000008a700000, 0x000000008a700000| Complete 
| 140|0x000000008a800000, 0x000000008a900000, 0x000000008a900000|100%| E|CS|TAMS 0x000000008a800000, 0x000000008a800000| Complete 
| 141|0x000000008a900000, 0x000000008aa00000, 0x000000008aa00000|100%| E|CS|TAMS 0x000000008a900000, 0x000000008a900000| Complete 
| 142|0x000000008aa00000, 0x000000008ab00000, 0x000000008ab00000|100%| E|CS|TAMS 0x000000008aa00000, 0x000000008aa00000| Complete 
| 143|0x000000008ab00000, 0x000000008ac00000, 0x000000008ac00000|100%| E|CS|TAMS 0x000000008ab00000, 0x000000008ab00000| Complete 
| 144|0x000000008ac00000, 0x000000008ad00000, 0x000000008ad00000|100%| E|CS|TAMS 0x000000008ac00000, 0x000000008ac00000| Complete 
| 145|0x000000008ad00000, 0x000000008ae00000, 0x000000008ae00000|100%| E|CS|TAMS 0x000000008ad00000, 0x000000008ad00000| Complete 
| 146|0x000000008ae00000, 0x000000008af00000, 0x000000008af00000|100%| E|CS|TAMS 0x000000008ae00000, 0x000000008ae00000| Complete 
| 147|0x000000008af00000, 0x000000008b000000, 0x000000008b000000|100%| E|CS|TAMS 0x000000008af00000, 0x000000008af00000| Complete 
| 148|0x000000008b000000, 0x000000008b100000, 0x000000008b100000|100%| E|CS|TAMS 0x000000008b000000, 0x000000008b000000| Complete 
| 149|0x000000008b100000, 0x000000008b200000, 0x000000008b200000|100%| E|CS|TAMS 0x000000008b100000, 0x000000008b100000| Complete 
| 150|0x000000008b200000, 0x000000008b300000, 0x000000008b300000|100%| E|CS|TAMS 0x000000008b200000, 0x000000008b200000| Complete 
| 151|0x000000008b300000, 0x000000008b400000, 0x000000008b400000|100%| E|CS|TAMS 0x000000008b300000, 0x000000008b300000| Complete 
| 152|0x000000008b400000, 0x000000008b500000, 0x000000008b500000|100%| E|CS|TAMS 0x000000008b400000, 0x000000008b400000| Complete 
| 153|0x000000008b500000, 0x000000008b600000, 0x000000008b600000|100%| E|CS|TAMS 0x000000008b500000, 0x000000008b500000| Complete 
| 154|0x000000008b600000, 0x000000008b700000, 0x000000008b700000|100%| E|CS|TAMS 0x000000008b600000, 0x000000008b600000| Complete 
| 155|0x000000008b700000, 0x000000008b800000, 0x000000008b800000|100%| E|CS|TAMS 0x000000008b700000, 0x000000008b700000| Complete 
| 156|0x000000008b800000, 0x000000008b900000, 0x000000008b900000|100%| E|CS|TAMS 0x000000008b800000, 0x000000008b800000| Complete 
| 157|0x000000008b900000, 0x000000008ba00000, 0x000000008ba00000|100%| E|CS|TAMS 0x000000008b900000, 0x000000008b900000| Complete 
| 158|0x000000008ba00000, 0x000000008bb00000, 0x000000008bb00000|100%| E|CS|TAMS 0x000000008ba00000, 0x000000008ba00000| Complete 
| 159|0x000000008bb00000, 0x000000008bc00000, 0x000000008bc00000|100%| E|CS|TAMS 0x000000008bb00000, 0x000000008bb00000| Complete 
| 160|0x000000008bc00000, 0x000000008bd00000, 0x000000008bd00000|100%| E|CS|TAMS 0x000000008bc00000, 0x000000008bc00000| Complete 
| 161|0x000000008bd00000, 0x000000008be00000, 0x000000008be00000|100%| E|CS|TAMS 0x000000008bd00000, 0x000000008bd00000| Complete 
| 162|0x000000008be00000, 0x000000008bf00000, 0x000000008bf00000|100%| E|CS|TAMS 0x000000008be00000, 0x000000008be00000| Complete 
| 163|0x000000008bf00000, 0x000000008c000000, 0x000000008c000000|100%| E|CS|TAMS 0x000000008bf00000, 0x000000008bf00000| Complete 
| 164|0x000000008c000000, 0x000000008c100000, 0x000000008c100000|100%| E|CS|TAMS 0x000000008c000000, 0x000000008c000000| Complete 
| 165|0x000000008c100000, 0x000000008c200000, 0x000000008c200000|100%| E|CS|TAMS 0x000000008c100000, 0x000000008c100000| Complete 
| 166|0x000000008c200000, 0x000000008c300000, 0x000000008c300000|100%| E|CS|TAMS 0x000000008c200000, 0x000000008c200000| Complete 
| 167|0x000000008c300000, 0x000000008c400000, 0x000000008c400000|100%| E|CS|TAMS 0x000000008c300000, 0x000000008c300000| Complete 
| 168|0x000000008c400000, 0x000000008c500000, 0x000000008c500000|100%| E|CS|TAMS 0x000000008c400000, 0x000000008c400000| Complete 
| 169|0x000000008c500000, 0x000000008c600000, 0x000000008c600000|100%| E|CS|TAMS 0x000000008c500000, 0x000000008c500000| Complete 
| 170|0x000000008c600000, 0x000000008c700000, 0x000000008c700000|100%| E|CS|TAMS 0x000000008c600000, 0x000000008c600000| Complete 
| 171|0x000000008c700000, 0x000000008c800000, 0x000000008c800000|100%| E|CS|TAMS 0x000000008c700000, 0x000000008c700000| Complete 
| 172|0x000000008c800000, 0x000000008c900000, 0x000000008c900000|100%| E|CS|TAMS 0x000000008c800000, 0x000000008c800000| Complete 
| 173|0x000000008c900000, 0x000000008ca00000, 0x000000008ca00000|100%| E|CS|TAMS 0x000000008c900000, 0x000000008c900000| Complete 
| 174|0x000000008ca00000, 0x000000008cb00000, 0x000000008cb00000|100%| E|CS|TAMS 0x000000008ca00000, 0x000000008ca00000| Complete 
| 175|0x000000008cb00000, 0x000000008cc00000, 0x000000008cc00000|100%| E|CS|TAMS 0x000000008cb00000, 0x000000008cb00000| Complete 
| 176|0x000000008cc00000, 0x000000008cd00000, 0x000000008cd00000|100%| E|CS|TAMS 0x000000008cc00000, 0x000000008cc00000| Complete 
| 177|0x000000008cd00000, 0x000000008ce00000, 0x000000008ce00000|100%| E|CS|TAMS 0x000000008cd00000, 0x000000008cd00000| Complete 
| 178|0x000000008ce00000, 0x000000008cf00000, 0x000000008cf00000|100%| E|CS|TAMS 0x000000008ce00000, 0x000000008ce00000| Complete 
| 179|0x000000008cf00000, 0x000000008d000000, 0x000000008d000000|100%| E|CS|TAMS 0x000000008cf00000, 0x000000008cf00000| Complete 
| 180|0x000000008d000000, 0x000000008d100000, 0x000000008d100000|100%| E|CS|TAMS 0x000000008d000000, 0x000000008d000000| Complete 
| 181|0x000000008d100000, 0x000000008d200000, 0x000000008d200000|100%| E|CS|TAMS 0x000000008d100000, 0x000000008d100000| Complete 
| 182|0x000000008d200000, 0x000000008d300000, 0x000000008d300000|100%| E|CS|TAMS 0x000000008d200000, 0x000000008d200000| Complete 
| 183|0x000000008d300000, 0x000000008d400000, 0x000000008d400000|100%| E|CS|TAMS 0x000000008d300000, 0x000000008d300000| Complete 
| 184|0x000000008d400000, 0x000000008d500000, 0x000000008d500000|100%| E|CS|TAMS 0x000000008d400000, 0x000000008d400000| Complete 
| 185|0x000000008d500000, 0x000000008d600000, 0x000000008d600000|100%| E|CS|TAMS 0x000000008d500000, 0x000000008d500000| Complete 
| 186|0x000000008d600000, 0x000000008d700000, 0x000000008d700000|100%| E|CS|TAMS 0x000000008d600000, 0x000000008d600000| Complete 
| 187|0x000000008d700000, 0x000000008d800000, 0x000000008d800000|100%| E|CS|TAMS 0x000000008d700000, 0x000000008d700000| Complete 
| 188|0x000000008d800000, 0x000000008d900000, 0x000000008d900000|100%| E|CS|TAMS 0x000000008d800000, 0x000000008d800000| Complete 
| 189|0x000000008d900000, 0x000000008da00000, 0x000000008da00000|100%| E|CS|TAMS 0x000000008d900000, 0x000000008d900000| Complete 
| 190|0x000000008da00000, 0x000000008db00000, 0x000000008db00000|100%| E|CS|TAMS 0x000000008da00000, 0x000000008da00000| Complete 
| 191|0x000000008db00000, 0x000000008dc00000, 0x000000008dc00000|100%| E|CS|TAMS 0x000000008db00000, 0x000000008db00000| Complete 
| 192|0x000000008dc00000, 0x000000008dd00000, 0x000000008dd00000|100%| E|CS|TAMS 0x000000008dc00000, 0x000000008dc00000| Complete 
| 193|0x000000008dd00000, 0x000000008de00000, 0x000000008de00000|100%| E|CS|TAMS 0x000000008dd00000, 0x000000008dd00000| Complete 
| 194|0x000000008de00000, 0x000000008df00000, 0x000000008df00000|100%| E|CS|TAMS 0x000000008de00000, 0x000000008de00000| Complete 
| 195|0x000000008df00000, 0x000000008e000000, 0x000000008e000000|100%| E|CS|TAMS 0x000000008df00000, 0x000000008df00000| Complete 
| 196|0x000000008e000000, 0x000000008e100000, 0x000000008e100000|100%| E|CS|TAMS 0x000000008e000000, 0x000000008e000000| Complete 
|2016|0x00000000ffc00000, 0x00000000ffd00000, 0x00000000ffd00000|100%| O|  |TAMS 0x00000000ffd00000, 0x00000000ffd00000| Untracked 
|2017|0x00000000ffd00000, 0x00000000ffe00000, 0x00000000ffe00000|100%| O|  |TAMS 0x00000000ffe00000, 0x00000000ffe00000| Untracked 
|2018|0x00000000ffe00000, 0x00000000fff00000, 0x00000000fff00000|100%| O|  |TAMS 0x00000000fff00000, 0x00000000fff00000| Untracked 
|2019|0x00000000fff00000, 0x0000000100000000, 0x0000000100000000|100%| O|  |TAMS 0x0000000100000000, 0x0000000100000000| Untracked 

Card table byte_map: [0x0000020b77330000,0x0000020b77730000] _byte_map_base: 0x0000020b76f22000

Marking Bits (Prev, Next): (CMBitMap*) 0x0000020b717c25a0, (CMBitMap*) 0x0000020b717c25e0
 Prev Bits: [0x0000020b77b30000, 0x0000020b79ac0000)
 Next Bits: [0x0000020b79ac0000, 0x0000020b7ba50000)

Polling page: 0x0000020b764a0000

Metaspace:

Usage:
  Non-class:     32.49 MB used.
      Class:      3.74 MB used.
       Both:     36.23 MB used.

Virtual space:
  Non-class space:       40.00 MB reserved,      32.62 MB ( 82%) committed,  5 nodes.
      Class space:        1.00 GB reserved,       3.88 MB ( <1%) committed,  1 nodes.
              Both:        1.04 GB reserved,      36.50 MB (  3%) committed. 

Chunk freelists:
   Non-Class:  3.41 MB
       Class:  21.00 KB
        Both:  3.43 MB

MaxMetaspaceSize: 17179869184.00 GB
CompressedClassSpaceSize: 1.00 GB
 - commit_granule_bytes: 65536.
 - commit_granule_words: 8192.
 - virtual_space_node_default_size: 1048576.
 - enlarge_chunks_in_place: 1.
 - new_chunks_are_fully_committed: 0.
 - uncommit_free_chunks: 1.
 - use_allocation_guard: 0.
 - handle_deallocations: 1.


Internal statistics:

num_allocs_failed_limit: 6.
num_arena_births: 322.
num_arena_deaths: 0.
num_vsnodes_births: 6.
num_vsnodes_deaths: 0.
num_space_committed: 584.
num_space_uncommitted: 0.
num_chunks_returned_to_freelist: 6.
num_chunks_taken_from_freelist: 1217.
num_chunk_merges: 3.
num_chunk_splits: 768.
num_chunks_enlarged: 511.
num_purges: 0.

CodeHeap 'non-profiled nmethods': size=120000Kb used=4975Kb max_used=4975Kb free=115024Kb
 bounds [0x0000020b07ad0000, 0x0000020b07fb0000, 0x0000020b0f000000]
CodeHeap 'profiled nmethods': size=120000Kb used=12117Kb max_used=12117Kb free=107882Kb
 bounds [0x0000020b005a0000, 0x0000020b01180000, 0x0000020b07ad0000]
CodeHeap 'non-nmethods': size=5760Kb used=1327Kb max_used=1439Kb free=4432Kb
 bounds [0x0000020b00000000, 0x0000020b00270000, 0x0000020b005a0000]
 total_blobs=6424 nmethods=5860 adapters=476
 compilation: enabled
              stopped_count=0, restarted_count=0
 full_count=0

Compilation events (20 events):
Event: 463.663 Thread 0x0000020b7f0254d0 6786       4       java.util.regex.Pattern::newCharProperty (39 bytes)
Event: 463.669 Thread 0x0000020b7f0254d0 nmethod 6786 0x0000020b07fa5410 code [0x0000020b07fa55a0, 0x0000020b07fa58b8]
Event: 463.675 Thread 0x0000020b7f0254d0 6787       4       sun.nio.fs.WindowsPathParser::normalize (233 bytes)
Event: 463.720 Thread 0x0000020b7f0254d0 nmethod 6787 0x0000020b07fa5a10 code [0x0000020b07fa5c80, 0x0000020b07fa8868]
Event: 467.498 Thread 0x0000020b7f02de30 6788       3       com.google.common.base.Preconditions::checkArgument (29 bytes)
Event: 467.498 Thread 0x0000020b7f02de30 nmethod 6788 0x0000020b01173b90 code [0x0000020b01173d80, 0x0000020b01174338]
Event: 467.498 Thread 0x0000020b7f02de30 6789   !   3       java.net.URLEncoder::encode (35 bytes)
Event: 467.499 Thread 0x0000020b7f02de30 nmethod 6789 0x0000020b01174510 code [0x0000020b01174720, 0x0000020b01174be8]
Event: 469.199 Thread 0x0000020b7f0254d0 6790       4       okhttp3.HttpUrl$Builder::<init> (45 bytes)
Event: 469.208 Thread 0x0000020b7f0254d0 nmethod 6790 0x0000020b07faa190 code [0x0000020b07faa360, 0x0000020b07faaf18]
Event: 469.768 Thread 0x0000020b7f0254d0 6791       4       org.openqa.selenium.remote.http.HttpMessage::getHeader (40 bytes)
Event: 469.772 Thread 0x0000020b7f0254d0 nmethod 6791 0x0000020b07fab310 code [0x0000020b07fab4c0, 0x0000020b07fab778]
Event: 471.956 Thread 0x0000020b7f02de30 6792       3       com.google.common.io.ByteStreams::combineBuffers (56 bytes)
Event: 471.956 Thread 0x0000020b7f02de30 nmethod 6792 0x0000020b01174e90 code [0x0000020b01175080, 0x0000020b01175618]
Event: 473.043 Thread 0x0000020b7f02de30 6793       3       org.openqa.selenium.support.ui.ExpectedConditions$20::apply (9 bytes)
Event: 473.044 Thread 0x0000020b7f02de30 nmethod 6793 0x0000020b01175810 code [0x0000020b011759c0, 0x0000020b01175c08]
Event: 473.044 Thread 0x0000020b7f02de30 6794   !   3       org.openqa.selenium.support.ui.ExpectedConditions$20::apply (39 bytes)
Event: 473.046 Thread 0x0000020b7f02de30 nmethod 6794 0x0000020b01175d10 code [0x0000020b01175f20, 0x0000020b011765b8]
Event: 473.057 Thread 0x0000020b7f0254d0 6795       4       java.lang.Module::isNamed (13 bytes)
Event: 473.057 Thread 0x0000020b7f0254d0 nmethod 6795 0x0000020b07fabb10 code [0x0000020b07fabc80, 0x0000020b07fabd18]

GC Heap History (20 events):
Event: 87.836 GC heap before
{Heap before GC invocations=38 (full 0):
 garbage-first heap   total 205824K, used 172333K [0x0000000081c00000, 0x0000000100000000)
  region size 1024K, 120 young (122880K), 1 survivors (1024K)
 Metaspace       used 36414K, committed 36736K, reserved 1089536K
  class space    used 3820K, committed 3968K, reserved 1048576K
}
Event: 87.838 GC heap after
{Heap after GC invocations=39 (full 0):
 garbage-first heap   total 205824K, used 15761K [0x0000000081c00000, 0x0000000100000000)
  region size 1024K, 1 young (1024K), 1 survivors (1024K)
 Metaspace       used 36414K, committed 36736K, reserved 1089536K
  class space    used 3820K, committed 3968K, reserved 1048576K
}
Event: 103.477 GC heap before
{Heap before GC invocations=39 (full 0):
 garbage-first heap   total 205824K, used 136593K [0x0000000081c00000, 0x0000000100000000)
  region size 1024K, 120 young (122880K), 1 survivors (1024K)
 Metaspace       used 36548K, committed 36864K, reserved 1089536K
  class space    used 3823K, committed 3968K, reserved 1048576K
}
Event: 103.479 GC heap after
{Heap after GC invocations=40 (full 0):
 garbage-first heap   total 205824K, used 15784K [0x0000000081c00000, 0x0000000100000000)
  region size 1024K, 1 young (1024K), 1 survivors (1024K)
 Metaspace       used 36548K, committed 36864K, reserved 1089536K
  class space    used 3823K, committed 3968K, reserved 1048576K
}
Event: 169.040 GC heap before
{Heap before GC invocations=40 (full 0):
 garbage-first heap   total 205824K, used 137640K [0x0000000081c00000, 0x0000000100000000)
  region size 1024K, 120 young (122880K), 1 survivors (1024K)
 Metaspace       used 36768K, committed 37056K, reserved 1089536K
  class space    used 3823K, committed 3968K, reserved 1048576K
}
Event: 169.042 GC heap after
{Heap after GC invocations=41 (full 0):
 garbage-first heap   total 205824K, used 15811K [0x0000000081c00000, 0x0000000100000000)
  region size 1024K, 1 young (1024K), 1 survivors (1024K)
 Metaspace       used 36768K, committed 37056K, reserved 1089536K
  class space    used 3823K, committed 3968K, reserved 1048576K
}
Event: 248.393 GC heap before
{Heap before GC invocations=41 (full 0):
 garbage-first heap   total 205824K, used 137667K [0x0000000081c00000, 0x0000000100000000)
  region size 1024K, 120 young (122880K), 1 survivors (1024K)
 Metaspace       used 36863K, committed 37120K, reserved 1089536K
  class space    used 3824K, committed 3968K, reserved 1048576K
}
Event: 248.395 GC heap after
{Heap after GC invocations=42 (full 0):
 garbage-first heap   total 205824K, used 15880K [0x0000000081c00000, 0x0000000100000000)
  region size 1024K, 1 young (1024K), 1 survivors (1024K)
 Metaspace       used 36863K, committed 37120K, reserved 1089536K
  class space    used 3824K, committed 3968K, reserved 1048576K
}
Event: 273.004 GC heap before
{Heap before GC invocations=42 (full 0):
 garbage-first heap   total 205824K, used 137736K [0x0000000081c00000, 0x0000000100000000)
  region size 1024K, 120 young (122880K), 1 survivors (1024K)
 Metaspace       used 36920K, committed 37248K, reserved 1089536K
  class space    used 3826K, committed 3968K, reserved 1048576K
}
Event: 273.006 GC heap after
{Heap after GC invocations=43 (full 0):
 garbage-first heap   total 205824K, used 15819K [0x0000000081c00000, 0x0000000100000000)
  region size 1024K, 1 young (1024K), 1 survivors (1024K)
 Metaspace       used 36920K, committed 37248K, reserved 1089536K
  class space    used 3826K, committed 3968K, reserved 1048576K
}
Event: 289.032 GC heap before
{Heap before GC invocations=43 (full 0):
 garbage-first heap   total 205824K, used 136651K [0x0000000081c00000, 0x0000000100000000)
  region size 1024K, 120 young (122880K), 1 survivors (1024K)
 Metaspace       used 36937K, committed 37248K, reserved 1089536K
  class space    used 3827K, committed 3968K, reserved 1048576K
}
Event: 289.034 GC heap after
{Heap after GC invocations=44 (full 0):
 garbage-first heap   total 205824K, used 15843K [0x0000000081c00000, 0x0000000100000000)
  region size 1024K, 1 young (1024K), 1 survivors (1024K)
 Metaspace       used 36937K, committed 37248K, reserved 1089536K
  class space    used 3827K, committed 3968K, reserved 1048576K
}
Event: 309.444 GC heap before
{Heap before GC invocations=44 (full 0):
 garbage-first heap   total 205824K, used 136675K [0x0000000081c00000, 0x0000000100000000)
  region size 1024K, 120 young (122880K), 1 survivors (1024K)
 Metaspace       used 36948K, committed 37248K, reserved 1089536K
  class space    used 3827K, committed 3968K, reserved 1048576K
}
Event: 309.448 GC heap after
{Heap after GC invocations=45 (full 0):
 garbage-first heap   total 205824K, used 15870K [0x0000000081c00000, 0x0000000100000000)
  region size 1024K, 1 young (1024K), 1 survivors (1024K)
 Metaspace       used 36948K, committed 37248K, reserved 1089536K
  class space    used 3827K, committed 3968K, reserved 1048576K
}
Event: 399.267 GC heap before
{Heap before GC invocations=45 (full 0):
 garbage-first heap   total 205824K, used 137726K [0x0000000081c00000, 0x0000000100000000)
  region size 1024K, 120 young (122880K), 1 survivors (1024K)
 Metaspace       used 36976K, committed 37248K, reserved 1089536K
  class space    used 3828K, committed 3968K, reserved 1048576K
}
Event: 399.269 GC heap after
{Heap after GC invocations=46 (full 0):
 garbage-first heap   total 205824K, used 15895K [0x0000000081c00000, 0x0000000100000000)
  region size 1024K, 1 young (1024K), 1 survivors (1024K)
 Metaspace       used 36976K, committed 37248K, reserved 1089536K
  class space    used 3828K, committed 3968K, reserved 1048576K
}
Event: 457.135 GC heap before
{Heap before GC invocations=46 (full 0):
 garbage-first heap   total 205824K, used 136727K [0x0000000081c00000, 0x0000000100000000)
  region size 1024K, 120 young (122880K), 1 survivors (1024K)
 Metaspace       used 37000K, committed 37248K, reserved 1089536K
  class space    used 3828K, committed 3968K, reserved 1048576K
}
Event: 457.137 GC heap after
{Heap after GC invocations=47 (full 0):
 garbage-first heap   total 205824K, used 15860K [0x0000000081c00000, 0x0000000100000000)
  region size 1024K, 1 young (1024K), 1 survivors (1024K)
 Metaspace       used 37000K, committed 37248K, reserved 1089536K
  class space    used 3828K, committed 3968K, reserved 1048576K
}
Event: 471.956 GC heap before
{Heap before GC invocations=47 (full 0):
 garbage-first heap   total 205824K, used 137716K [0x0000000081c00000, 0x0000000100000000)
  region size 1024K, 120 young (122880K), 1 survivors (1024K)
 Metaspace       used 37004K, committed 37248K, reserved 1089536K
  class space    used 3828K, committed 3968K, reserved 1048576K
}
Event: 471.959 GC heap after
{Heap after GC invocations=48 (full 0):
 garbage-first heap   total 205824K, used 15854K [0x0000000081c00000, 0x0000000100000000)
  region size 1024K, 1 young (1024K), 1 survivors (1024K)
 Metaspace       used 37004K, committed 37248K, reserved 1089536K
  class space    used 3828K, committed 3968K, reserved 1048576K
}

Deoptimization events (20 events):
Event: 481.289 Thread 0x0000020b71785a90 Uncommon trap: trap_request=0xffffff97 fr.pc=0x0000020b07e0bf30 relative=0x00000000000002d0
Event: 481.289 Thread 0x0000020b71785a90 Uncommon trap: reason=unhandled action=none pc=0x0000020b07e0bf30 method=sun.nio.ch.NioSocketImpl.timedRead(Ljava/io/FileDescriptor;[BIIJ)I @ 57 c2
Event: 481.289 Thread 0x0000020b71785a90 DEOPT PACKING pc=0x0000020b07e0bf30 sp=0x0000001dad6fc0a0
Event: 481.289 Thread 0x0000020b71785a90 DEOPT UNPACKING pc=0x0000020b0004d72e sp=0x0000001dad6fc050 mode 2
Event: 481.289 Thread 0x0000020b71785a90 DEOPT PACKING pc=0x0000020b00f87b8c sp=0x0000001dad6fc140
Event: 481.289 Thread 0x0000020b71785a90 DEOPT UNPACKING pc=0x0000020b0004dece sp=0x0000001dad6fb650 mode 1
Event: 481.289 Thread 0x0000020b71785a90 DEOPT PACKING pc=0x0000020b00f867fc sp=0x0000001dad6fc230
Event: 481.289 Thread 0x0000020b71785a90 DEOPT UNPACKING pc=0x0000020b0004dece sp=0x0000001dad6fb758 mode 1
Event: 481.289 Thread 0x0000020b71785a90 DEOPT PACKING pc=0x0000020b00ca825c sp=0x0000001dad6fc330
Event: 481.289 Thread 0x0000020b71785a90 DEOPT UNPACKING pc=0x0000020b0004dece sp=0x0000001dad6fb7d8 mode 1
Event: 481.289 Thread 0x0000020b71785a90 DEOPT PACKING pc=0x0000020b00ca7e64 sp=0x0000001dad6fc390
Event: 481.289 Thread 0x0000020b71785a90 DEOPT UNPACKING pc=0x0000020b0004dece sp=0x0000001dad6fb838 mode 1
Event: 481.289 Thread 0x0000020b71785a90 DEOPT PACKING pc=0x0000020b00cb06d4 sp=0x0000001dad6fc3f0
Event: 481.289 Thread 0x0000020b71785a90 DEOPT UNPACKING pc=0x0000020b0004dece sp=0x0000001dad6fb900 mode 1
Event: 481.289 Thread 0x0000020b71785a90 DEOPT PACKING pc=0x0000020b00caf344 sp=0x0000001dad6fc4d0
Event: 481.289 Thread 0x0000020b71785a90 DEOPT UNPACKING pc=0x0000020b0004dece sp=0x0000001dad6fb9a8 mode 1
Event: 481.289 Thread 0x0000020b71785a90 DEOPT PACKING pc=0x0000020b00cc1fc4 sp=0x0000001dad6fc590
Event: 481.289 Thread 0x0000020b71785a90 DEOPT UNPACKING pc=0x0000020b0004dece sp=0x0000001dad6fba70 mode 1
Event: 481.289 Thread 0x0000020b71785a90 DEOPT PACKING pc=0x0000020b00614f1c sp=0x0000001dad6fc610
Event: 481.289 Thread 0x0000020b71785a90 DEOPT UNPACKING pc=0x0000020b0004dece sp=0x0000001dad6fbac0 mode 1

Classes unloaded (0 events):
No events

Classes redefined (5 events):
Event: 613.561 Thread 0x0000020b7e525b30 redefined class name=rte_RTECrudOperations.EditDriver, count=1
Event: 613.562 Thread 0x0000020b7e525b30 redefined class name=rte_RTEJobCreation.RTECrudOperations, count=1
Event: 656.819 Thread 0x0000020b7e525b30 redefined class name=rte_RTECrudOperations.EditDriver, count=2
Event: 717.903 Thread 0x0000020b7e525b30 redefined class name=rte_RTEJobCreation.RTECrudOperations, count=2
Event: 748.300 Thread 0x0000020b7e525b30 redefined class name=rte_RTEJobCreation.RTECrudOperations, count=3

Internal exceptions (20 events):
Event: 2.722 Thread 0x0000020b0f4259a0 Exception <a 'java/net/ConnectException'{0x0000000083bce228}: Connection refused: no further information> (0x0000000083bce228) 
thrown [t:\workspace\open\src\hotspot\share\prims\jni.cpp, line 600]
Event: 2.722 Thread 0x0000020b0f4259a0 Exception <a 'java/net/SocketException'{0x0000000083bce560}: Socket is not connected: shutdown> (0x0000000083bce560) 
thrown [t:\workspace\open\src\hotspot\share\prims\jni.cpp, line 600]
Event: 2.753 Thread 0x0000020b0f4259a0 Exception <a 'java/net/ConnectException'{0x0000000083bcf4f8}: Connection refused: no further information> (0x0000000083bcf4f8) 
thrown [t:\workspace\open\src\hotspot\share\prims\jni.cpp, line 600]
Event: 2.753 Thread 0x0000020b0f4259a0 Exception <a 'java/net/SocketException'{0x0000000083bcf830}: Socket is not connected: shutdown> (0x0000000083bcf830) 
thrown [t:\workspace\open\src\hotspot\share\prims\jni.cpp, line 600]
Event: 2.842 Thread 0x0000020b71785a90 Exception <a 'java/lang/NoSuchMethodError'{0x0000000083ab5180}: 'java.lang.Object java.lang.invoke.DirectMethodHandle$Holder.invokeInterface(java.lang.Object, java.lang.Object, java.lang.Object)'> (0x0000000083ab5180) 
thrown [t:\workspace\open\src\hotspot\share\interpreter\linkResolver.cpp, line 790]
Event: 2.842 Thread 0x0000020b71785a90 Exception <a 'java/lang/IncompatibleClassChangeError'{0x0000000083ab8a18}: Found class java.lang.Object, but interface was expected> (0x0000000083ab8a18) 
thrown [t:\workspace\open\src\hotspot\share\interpreter\linkResolver.cpp, line 857]
Event: 2.844 Thread 0x0000020b71785a90 Exception <a 'java/lang/NoSuchMethodError'{0x0000000083ac13f8}: 'int java.lang.invoke.DirectMethodHandle$Holder.invokeSpecialIFC(java.lang.Object, java.lang.Object, java.lang.Object, java.lang.Object)'> (0x0000000083ac13f8) 
thrown [t:\workspace\open\src\hotspot\share\interpreter\linkResolver.cpp, line 790]
Event: 2.855 Thread 0x0000020b71785a90 Exception <a 'java/lang/NoSuchMethodError'{0x0000000083925a38}: 'double java.lang.invoke.DirectMethodHandle$Holder.invokeVirtual(java.lang.Object, java.lang.Object)'> (0x0000000083925a38) 
thrown [t:\workspace\open\src\hotspot\share\interpreter\linkResolver.cpp, line 790]
Event: 2.856 Thread 0x0000020b71785a90 Exception <a 'java/lang/NoSuchMethodError'{0x000000008392c420}: 'float java.lang.invoke.DirectMethodHandle$Holder.invokeVirtual(java.lang.Object, java.lang.Object)'> (0x000000008392c420) 
thrown [t:\workspace\open\src\hotspot\share\interpreter\linkResolver.cpp, line 790]
Event: 2.856 Thread 0x0000020b71785a90 Exception <a 'java/lang/NoSuchMethodError'{0x00000000839356a8}: 'long java.lang.invoke.DirectMethodHandle$Holder.invokeVirtual(java.lang.Object, java.lang.Object)'> (0x00000000839356a8) 
thrown [t:\workspace\open\src\hotspot\share\interpreter\linkResolver.cpp, line 790]
Event: 2.883 Thread 0x0000020b71785a90 Exception <a 'java/lang/NoSuchMethodError'{0x000000008388c458}: 'void java.lang.invoke.DirectMethodHandle$Holder.invokeSpecial(java.lang.Object, java.lang.Object, java.lang.Object, java.lang.Object, java.lang.Object)'> (0x000000008388c458) 
thrown [t:\workspace\open\src\hotspot\share\interpreter\linkResolver.cpp, line 790]
Event: 2.901 Thread 0x0000020b71785a90 Exception <a 'java/lang/NoSuchMethodError'{0x0000000083767d00}: 'java.lang.Object java.lang.invoke.DirectMethodHandle$Holder.newInvokeSpecial(java.lang.Object, java.lang.Object, java.lang.Object, java.lang.Object, java.lang.Object)'> (0x0000000083767d00) 
thrown [t:\workspace\open\src\hotspot\share\interpreter\linkResolver.cpp, line 790]
Event: 4.577 Thread 0x0000020b71785a90 Exception <a 'java/lang/NoSuchMethodError'{0x0000000082f2aee8}: 'java.lang.Object java.lang.invoke.DirectMethodHandle$Holder.invokeSpecialIFC(java.lang.Object, java.lang.Object, java.lang.Object)'> (0x0000000082f2aee8) 
thrown [t:\workspace\open\src\hotspot\share\interpreter\linkResolver.cpp, line 790]
Event: 4.661 Thread 0x0000020b71785a90 Exception <a 'java/lang/ClassNotFoundException'{0x0000000082feffb8}: sun/util/logging/resources/spi/loggingProvider> (0x0000000082feffb8) 
thrown [t:\workspace\open\src\hotspot\share\classfile\systemDictionary.cpp, line 256]
Event: 34.668 Thread 0x0000020b71785a90 Exception <a 'java/lang/ClassNotFoundException'{0x00000000840ec3b0}: sun/misc/SharedSecrets> (0x00000000840ec3b0) 
thrown [t:\workspace\open\src\hotspot\share\classfile\systemDictionary.cpp, line 256]
Event: 35.870 Thread 0x0000020b71785a90 Exception <a 'java/lang/NoSuchMethodError'{0x000000008881aaf0}: 'void java.lang.invoke.DirectMethodHandle$Holder.invokeInterface(java.lang.Object, java.lang.Object)'> (0x000000008881aaf0) 
thrown [t:\workspace\open\src\hotspot\share\interpreter\linkResolver.cpp, line 790]
Event: 38.757 Thread 0x0000020b71785a90 Implicit null exception at 0x0000020b07b3ba60 to 0x0000020b07b3bafa
Event: 44.025 Thread 0x0000020b71785a90 Exception <a 'java/lang/NoSuchMethodError'{0x00000000837d4ce8}: 'java.lang.Object java.lang.invoke.Invokers$Holder.invoke_MT(java.lang.Object, java.lang.Object, java.lang.Object)'> (0x00000000837d4ce8) 
thrown [t:\workspace\open\src\hotspot\share\interpreter\linkResolver.cpp, line 790]
Event: 48.474 Thread 0x0000020b71785a90 Exception <a 'java/lang/ClassNotFoundException'{0x0000000083a8a5c8}: com/sun/org/apache/xml/internal/serializer/spi/XMLEntitiesProvider> (0x0000000083a8a5c8) 
thrown [t:\workspace\open\src\hotspot\share\classfile\systemDictionary.cpp, line 256]
Event: 169.597 Thread 0x0000020b71785a90 Implicit null exception at 0x0000020b07e0cd54 to 0x0000020b07e0cee0

Events (20 events):
Event: 718.012 Executing  VM operation: get/set locals done
Event: 718.013 Executing  VM operation: get/set locals
Event: 718.013 Executing  VM operation: get/set locals done
Event: 718.013 Executing  VM operation: get/set locals
Event: 718.013 Executing  VM operation: get/set locals done
Event: 718.014 Executing  VM operation: get/set locals
Event: 718.014 Executing  VM operation: get/set locals done
Event: 718.014 Executing  VM operation: get/set locals
Event: 718.014 Executing  VM operation: get/set locals done
Event: 718.015 Executing  VM operation: get/set locals
Event: 718.015 Executing  VM operation: get/set locals done
Event: 718.015 Executing  VM operation: get/set locals
Event: 718.015 Executing  VM operation: get/set locals done
Event: 718.016 Executing  VM operation: get/set locals
Event: 718.016 Executing  VM operation: get/set locals done
Event: 748.290 Executing  VM operation: RedefineClasses
Event: 748.312 Executing  VM operation: RedefineClasses done
Event: 748.320 Executing  VM operation: ChangeBreakpoints
Event: 748.323 Executing  VM operation: ChangeBreakpoints done
Event: 748.386 Executing  VM operation: get/set locals


Dynamic libraries:
0x00007ff6677a0000 - 0x00007ff6677ae000 	C:\Users\rprajapati\.p2\pool\plugins\org.eclipse.justj.openjdk.hotspot.jre.full.win32.x86_64_16.0.2.v20210721-1149\jre\bin\javaw.exe
0x00007ffc39910000 - 0x00007ffc39b05000 	C:\WINDOWS\SYSTEM32\ntdll.dll
0x00007ffc396e0000 - 0x00007ffc3979d000 	C:\WINDOWS\System32\KERNEL32.DLL
0x00007ffc371c0000 - 0x00007ffc3748d000 	C:\WINDOWS\System32\KERNELBASE.dll
0x00007ffc37710000 - 0x00007ffc37810000 	C:\WINDOWS\System32\ucrtbase.dll
0x00007ffc1e200000 - 0x00007ffc1e219000 	C:\Users\rprajapati\.p2\pool\plugins\org.eclipse.justj.openjdk.hotspot.jre.full.win32.x86_64_16.0.2.v20210721-1149\jre\bin\VCRUNTIME140.dll
0x00007ffc1dce0000 - 0x00007ffc1dcf8000 	C:\Users\rprajapati\.p2\pool\plugins\org.eclipse.justj.openjdk.hotspot.jre.full.win32.x86_64_16.0.2.v20210721-1149\jre\bin\jli.dll
0x00007ffc37ac0000 - 0x00007ffc37c60000 	C:\WINDOWS\System32\USER32.dll
0x00007ffc37550000 - 0x00007ffc37572000 	C:\WINDOWS\System32\win32u.dll
0x00007ffc389b0000 - 0x00007ffc389da000 	C:\WINDOWS\System32\GDI32.dll
0x00007ffc0e870000 - 0x00007ffc0eb0a000 	C:\WINDOWS\WinSxS\amd64_microsoft.windows.common-controls_6595b64144ccf1df_6.0.19041.1110_none_60b5254171f9507e\COMCTL32.dll
0x00007ffc37020000 - 0x00007ffc3712b000 	C:\WINDOWS\System32\gdi32full.dll
0x00007ffc37a20000 - 0x00007ffc37abe000 	C:\WINDOWS\System32\msvcrt.dll
0x00007ffc37810000 - 0x00007ffc378ad000 	C:\WINDOWS\System32\msvcp_win.dll
0x00007ffc380e0000 - 0x00007ffc38110000 	C:\WINDOWS\System32\IMM32.DLL
0x00007ffc344f0000 - 0x00007ffc344fc000 	C:\Users\rprajapati\.p2\pool\plugins\org.eclipse.justj.openjdk.hotspot.jre.full.win32.x86_64_16.0.2.v20210721-1149\jre\bin\vcruntime140_1.dll
0x00007ffc0d330000 - 0x00007ffc0d3c1000 	C:\Users\rprajapati\.p2\pool\plugins\org.eclipse.justj.openjdk.hotspot.jre.full.win32.x86_64_16.0.2.v20210721-1149\jre\bin\msvcp140.dll
0x00007ffba3c40000 - 0x00007ffba47eb000 	C:\Users\rprajapati\.p2\pool\plugins\org.eclipse.justj.openjdk.hotspot.jre.full.win32.x86_64_16.0.2.v20210721-1149\jre\bin\server\jvm.dll
0x00007ffc37960000 - 0x00007ffc37a0e000 	C:\WINDOWS\System32\ADVAPI32.dll
0x00007ffc395c0000 - 0x00007ffc3965c000 	C:\WINDOWS\System32\sechost.dll
0x00007ffc38120000 - 0x00007ffc38245000 	C:\WINDOWS\System32\RPCRT4.dll
0x00007ffc38110000 - 0x00007ffc38118000 	C:\WINDOWS\System32\PSAPI.DLL
0x00007ffc08be0000 - 0x00007ffc08c07000 	C:\WINDOWS\SYSTEM32\WINMM.dll
0x00007ffc0d8f0000 - 0x00007ffc0d8f9000 	C:\WINDOWS\SYSTEM32\WSOCK32.dll
0x00007ffc2eb50000 - 0x00007ffc2eb5a000 	C:\WINDOWS\SYSTEM32\VERSION.dll
0x00007ffc38940000 - 0x00007ffc389ab000 	C:\WINDOWS\System32\WS2_32.dll
0x00007ffc35940000 - 0x00007ffc35952000 	C:\WINDOWS\SYSTEM32\kernel.appcore.dll
0x00007ffc1c4a0000 - 0x00007ffc1c4aa000 	C:\Users\rprajapati\.p2\pool\plugins\org.eclipse.justj.openjdk.hotspot.jre.full.win32.x86_64_16.0.2.v20210721-1149\jre\bin\jimage.dll
0x00007ffc34ef0000 - 0x00007ffc350d4000 	C:\WINDOWS\SYSTEM32\DBGHELP.DLL
0x00007ffc236d0000 - 0x00007ffc236fc000 	C:\WINDOWS\SYSTEM32\dbgcore.DLL
0x00007ffc37130000 - 0x00007ffc371b2000 	C:\WINDOWS\System32\bcryptPrimitives.dll
0x00007ffc17980000 - 0x00007ffc179bb000 	C:\Users\rprajapati\.p2\pool\plugins\org.eclipse.justj.openjdk.hotspot.jre.full.win32.x86_64_16.0.2.v20210721-1149\jre\bin\jdwp.dll
0x00007ffbf8430000 - 0x00007ffbf8455000 	C:\Users\rprajapati\.p2\pool\plugins\org.eclipse.justj.openjdk.hotspot.jre.full.win32.x86_64_16.0.2.v20210721-1149\jre\bin\java.dll
0x00007ffbfa8d0000 - 0x00007ffbfa8e8000 	C:\Users\rprajapati\.p2\pool\plugins\org.eclipse.justj.openjdk.hotspot.jre.full.win32.x86_64_16.0.2.v20210721-1149\jre\bin\zip.dll
0x00007ffc38e70000 - 0x00007ffc395b4000 	C:\WINDOWS\System32\SHELL32.dll
0x00007ffc350e0000 - 0x00007ffc35874000 	C:\WINDOWS\SYSTEM32\windows.storage.dll
0x00007ffc383e0000 - 0x00007ffc38734000 	C:\WINDOWS\System32\combase.dll
0x00007ffc36a10000 - 0x00007ffc36a3c000 	C:\WINDOWS\SYSTEM32\Wldp.dll
0x00007ffc38890000 - 0x00007ffc3893d000 	C:\WINDOWS\System32\SHCORE.dll
0x00007ffc38830000 - 0x00007ffc38885000 	C:\WINDOWS\System32\shlwapi.dll
0x00007ffc36f60000 - 0x00007ffc36f7f000 	C:\WINDOWS\SYSTEM32\profapi.dll
0x00007ffc344d0000 - 0x00007ffc344dc000 	C:\Users\rprajapati\.p2\pool\plugins\org.eclipse.justj.openjdk.hotspot.jre.full.win32.x86_64_16.0.2.v20210721-1149\jre\bin\dt_socket.dll
0x00007ffc36400000 - 0x00007ffc3643b000 	C:\WINDOWS\SYSTEM32\IPHLPAPI.DLL
0x00007ffc36710000 - 0x00007ffc3677a000 	C:\WINDOWS\system32\mswsock.dll
0x00007ffc36440000 - 0x00007ffc3650b000 	C:\WINDOWS\SYSTEM32\DNSAPI.dll
0x00007ffc38740000 - 0x00007ffc38748000 	C:\WINDOWS\System32\NSI.dll
0x00007ffc26e10000 - 0x00007ffc26e1a000 	C:\Windows\System32\rasadhlp.dll
0x00007ffc31890000 - 0x00007ffc31910000 	C:\WINDOWS\System32\fwpuclnt.dll
0x00007ffc376e0000 - 0x00007ffc37707000 	C:\WINDOWS\System32\bcrypt.dll
0x00007ffbf83e0000 - 0x00007ffbf83f9000 	C:\Users\rprajapati\.p2\pool\plugins\org.eclipse.justj.openjdk.hotspot.jre.full.win32.x86_64_16.0.2.v20210721-1149\jre\bin\net.dll
0x00007ffc28f10000 - 0x00007ffc2901a000 	C:\WINDOWS\SYSTEM32\WINHTTP.dll
0x00007ffbf7e20000 - 0x00007ffbf7e33000 	C:\Users\rprajapati\.p2\pool\plugins\org.eclipse.justj.openjdk.hotspot.jre.full.win32.x86_64_16.0.2.v20210721-1149\jre\bin\nio.dll
0x00007ffc36970000 - 0x00007ffc36988000 	C:\WINDOWS\SYSTEM32\CRYPTSP.dll
0x00007ffc36090000 - 0x00007ffc360c4000 	C:\WINDOWS\system32\rsaenh.dll
0x00007ffc36f20000 - 0x00007ffc36f4e000 	C:\WINDOWS\SYSTEM32\USERENV.dll
0x00007ffc36960000 - 0x00007ffc3696c000 	C:\WINDOWS\SYSTEM32\CRYPTBASE.dll
0x00007ffc31500000 - 0x00007ffc31517000 	C:\WINDOWS\SYSTEM32\dhcpcsvc6.DLL
0x00007ffc314a0000 - 0x00007ffc314bd000 	C:\WINDOWS\SYSTEM32\dhcpcsvc.DLL
0x00007ffc0d950000 - 0x00007ffc0d960000 	C:\Users\rprajapati\.p2\pool\plugins\org.eclipse.justj.openjdk.hotspot.jre.full.win32.x86_64_16.0.2.v20210721-1149\jre\bin\verify.dll
0x00007ffc07a30000 - 0x00007ffc07a47000 	C:\WINDOWS\system32\napinsp.dll
0x00007ffc06d40000 - 0x00007ffc06d5b000 	C:\WINDOWS\system32\pnrpnsp.dll
0x00007ffc31950000 - 0x00007ffc31965000 	C:\WINDOWS\system32\wshbth.dll
0x00007ffc33990000 - 0x00007ffc339ad000 	C:\WINDOWS\system32\NLAapi.dll
0x00007ffc06980000 - 0x00007ffc06992000 	C:\WINDOWS\System32\winrnr.dll
0x00007ffc308c0000 - 0x00007ffc308c9000 	C:\Users\rprajapati\.p2\pool\plugins\org.eclipse.justj.openjdk.hotspot.jre.full.win32.x86_64_16.0.2.v20210721-1149\jre\bin\prefs.dll
0x00007ffc340c0000 - 0x00007ffc340ce000 	C:\Users\rprajapati\.p2\pool\plugins\org.eclipse.justj.openjdk.hotspot.jre.full.win32.x86_64_16.0.2.v20210721-1149\jre\bin\sunmscapi.dll
0x00007ffc37580000 - 0x00007ffc376d6000 	C:\WINDOWS\System32\CRYPT32.dll
0x00007ffc36a80000 - 0x00007ffc36aa7000 	C:\WINDOWS\SYSTEM32\ncrypt.dll
0x00007ffc36a40000 - 0x00007ffc36a7b000 	C:\WINDOWS\SYSTEM32\NTASN1.dll

dbghelp: loaded successfully - version: 4.0.5 - missing functions: none
symbol engine: initialized successfully - sym options: 0x614 - pdb path: .;C:\Users\rprajapati\.p2\pool\plugins\org.eclipse.justj.openjdk.hotspot.jre.full.win32.x86_64_16.0.2.v20210721-1149\jre\bin;C:\WINDOWS\SYSTEM32;C:\WINDOWS\WinSxS\amd64_microsoft.windows.common-controls_6595b64144ccf1df_6.0.19041.1110_none_60b5254171f9507e;C:\Users\rprajapati\.p2\pool\plugins\org.eclipse.justj.openjdk.hotspot.jre.full.win32.x86_64_16.0.2.v20210721-1149\jre\bin\server

VM Arguments:
jvm_args: -XX:+ShowCodeDetailsInExceptionMessages -agentlib:jdwp=transport=dt_socket,suspend=y,address=localhost:50941 -ea -Dapplication.properties=\src\main\resources\config.properties -Dfile.encoding=Cp1252 
java_command: org.testng.remote.RemoteTestNG -serport 50940 -protocol json -d C:\Users\rprajapati\git\RTE\RTE\test-output C:\Users\RPRAJA~1\AppData\Local\Temp\testng-eclipse-1578130345\testng-customsuite.xml
java_class_path (initial): C:\Users\rprajapati\eclipse\java-2021-06\eclipse\configuration\org.eclipse.osgi\442\0\.cp\lib\testng-remote.jar;C:\Users\rprajapati\git\RTE\RTE\target\test-classes;C:\Users\rprajapati\git\RTE\RTE\target\classes;C:\Users\rprajapati\.m2\repository\org\seleniumhq\selenium\selenium-server\3.141.59\selenium-server-3.141.59.jar;C:\Users\rprajapati\.m2\repository\com\beust\jcommander\1.72\jcommander-1.72.jar;C:\Users\rprajapati\.m2\repository\net\bytebuddy\byte-buddy\1.8.15\byte-buddy-1.8.15.jar;C:\Users\rprajapati\.m2\repository\org\apache\commons\commons-exec\1.3\commons-exec-1.3.jar;C:\Users\rprajapati\.m2\repository\net\jcip\jcip-annotations\1.0\jcip-annotations-1.0.jar;C:\Users\rprajapati\.m2\repository\org\seleniumhq\selenium\jetty-repacked\9.4.12.v20180830\jetty-repacked-9.4.12.v20180830.jar;C:\Users\rprajapati\.m2\repository\com\squareup\okhttp3\okhttp\3.11.0\okhttp-3.11.0.jar;C:\Users\rprajapati\.m2\repository\com\squareup\okio\okio\1.14.0\okio-1.14.0.jar;C:\Users\rprajapati\.m2\repository\javax\servlet\javax.servlet-api\3.1.0\javax.servlet-api-3.1.0.jar;C:\Users\rprajapati\.m2\repository\org\yaml\snakeyaml\1.19\snakeyaml-1.19.jar;C:\Users\rprajapati\.m2\repository\org\apache\poi\poi-ooxml\3.17\poi-ooxml-3.17.jar;C:\Users\rprajapati\.m2\repository\com\github\virtuald\curvesapi\1.04\curvesapi-1.04.jar;C:\Users\rprajapati\.m2\repository\org\apache\poi\poi\3.17\poi-3.17.jar;C:\Users\rprajapati\.m2\repository\commons-codec\commons-codec\1.10\commons-codec-1.10.jar;C:\Users\rprajapati\.m2\repository\org\apache\commons\commons-collections4\4.1\commons-collections4-4.1.jar;C:\Users\rprajapati\.m2\repository\org\apache\poi\poi-ooxml-schemas\3.17\poi-ooxml-schemas-3.17.jar;C:\Users\rprajapati\.m2\repository\org\apache\xmlbeans\xmlbeans\2.6.0\xmlbeans-2.6.0.jar;C:\Users\rprajapati\.m2\repository\stax\stax-api\1.0.1\stax-api-1.0.1.jar;C:\Users\rprajapati\.m2\repository\org\seleniumhq\selenium\selenium-java\3.141.59\selenium-java-3.141.59.jar;C:\U
Launcher Type: SUN_STANDARD

[Global flags]
     intx CICompilerCount                          = 4                                         {product} {ergonomic}
     uint ConcGCThreads                            = 2                                         {product} {ergonomic}
     uint G1ConcRefinementThreads                  = 8                                         {product} {ergonomic}
   size_t G1HeapRegionSize                         = 1048576                                   {product} {ergonomic}
    uintx GCDrainStackTargetSize                   = 64                                        {product} {ergonomic}
   size_t InitialHeapSize                          = 134217728                                 {product} {ergonomic}
   size_t MarkStackSize                            = 4194304                                   {product} {ergonomic}
   size_t MaxHeapSize                              = 2118123520                                {product} {ergonomic}
   size_t MaxNewSize                               = 1270874112                                {product} {ergonomic}
   size_t MinHeapDeltaBytes                        = 1048576                                   {product} {ergonomic}
   size_t MinHeapSize                              = 8388608                                   {product} {ergonomic}
    uintx NonNMethodCodeHeapSize                   = 5839372                                {pd product} {ergonomic}
    uintx NonProfiledCodeHeapSize                  = 122909434                              {pd product} {ergonomic}
    uintx ProfiledCodeHeapSize                     = 122909434                              {pd product} {ergonomic}
    uintx ReservedCodeCacheSize                    = 251658240                              {pd product} {ergonomic}
     bool SegmentedCodeCache                       = true                                      {product} {ergonomic}
     bool ShowCodeDetailsInExceptionMessages       = true                                   {manageable} {command line}
   size_t SoftMaxHeapSize                          = 2118123520                             {manageable} {ergonomic}
     bool UseCompressedClassPointers               = true                           {product lp64_product} {ergonomic}
     bool UseCompressedOops                        = true                           {product lp64_product} {ergonomic}
     bool UseG1GC                                  = true                                      {product} {ergonomic}
     bool UseLargePagesIndividualAllocation        = false                                  {pd product} {ergonomic}

Logging:
Log output configuration:
 #0: stdout all=warning uptime,level,tags
 #1: stderr all=off uptime,level,tags

Environment Variables:
JAVA_HOME=C:\Program Files\Java\jdk-11.0.13
PATH=C:\Users\rprajapati\.p2\pool\plugins\org.eclipse.justj.openjdk.hotspot.jre.full.win32.x86_64_16.0.2.v20210721-1149\jre\bin;C:/Users/rprajapati/.p2/pool/plugins/org.eclipse.justj.openjdk.hotspot.jre.full.win32.x86_64_16.0.2.v20210721-1149/jre/bin/server;C:/Users/rprajapati/.p2/pool/plugins/org.eclipse.justj.openjdk.hotspot.jre.full.win32.x86_64_16.0.2.v20210721-1149/jre/bin;C:\Program Files\Common Files\Oracle\Java\javapath;C:\Program Files (x86)\Common Files\Oracle\Java\javapath;C:\WINDOWS\system32;C:\WINDOWS;C:\WINDOWS\System32\Wbem;C:\WINDOWS\System32\WindowsPowerShell\v1.0\;C:\Program Files (x86)\Microsoft SQL Server\Client SDK\ODBC\110\Tools\Binn\;C:\Program Files (x86)\Microsoft SQL Server\120\Tools\Binn\ManagementStudio\;C:\Program Files (x86)\Microsoft SQL Server\120\Tools\Binn\;C:\Program Files (x86)\Microsoft SQL Server\120\DTS\Binn\;C:\WINDOWS\System32\OpenSSH\;C:\Program Files\Git\cmd;C:\Users\rprajapati\AppData\Local\Microsoft\WindowsApps;C:\Program Files\Java\jdk-11.0.13\bin;C:\Program Files\Jenkins;;C:\Users\rprajapati\eclipse\java-2021-06\eclipse;
USERNAME=rprajapati
OS=Windows_NT
PROCESSOR_IDENTIFIER=Intel64 Family 6 Model 142 Stepping 12, GenuineIntel



---------------  S Y S T E M  ---------------

OS:
 Windows 10 , 64 bit Build 19041 (10.0.19041.1706)
OS uptime: 7 days 7:39 hours

CPU: total 8 (initial active 8) (4 cores per cpu, 2 threads per core) family 6 model 142 stepping 12 microcode 0xb8, cx8, cmov, fxsr, ht, mmx, 3dnowpref, sse, sse2, sse3, ssse3, sse4.1, sse4.2, popcnt, lzcnt, tsc, tscinvbit, avx, avx2, aes, erms, clmul, bmi1, bmi2, adx, fma, vzeroupper, clflush, clflushopt

Memory: 4k page, system-wide physical 8078M (923M free)
TotalPageFile size 15642M (AvailPageFile size 1918M)
current process WorkingSet (physical memory assigned to process): 298M, peak: 314M
current process commit charge ("private bytes"): 356M, peak: 375M

vm_info: OpenJDK 64-Bit Server VM (16.0.2+7-67) for windows-amd64 JRE (16.0.2+7-67), built on Jun  8 2021 23:21:43 by "mach5one" with MS VC++ 16.7 (VS2019)

END.
