#
# A fatal error has been detected by the Java Runtime Environment:
#
#  EXCEPTION_ACCESS_VIOLATION (0xc0000005) at pc=0x00007ffecd955b8c, pid=12416, tid=18796
#
# JRE version: OpenJDK Runtime Environment (16.0.2+7) (build 16.0.2+7-67)
# Java VM: OpenJDK 64-Bit Server VM (16.0.2+7-67, mixed mode, tiered, compressed oops, compressed class ptrs, g1 gc, windows-amd64)
# Problematic frame:
# V  [jvm.dll+0x6e5b8c]
#
# No core dump will be written. Minidumps are not enabled by default on client versions of Windows
#
# If you would like to submit a bug report, please visit:
#   https://bugreport.java.com/bugreport/crash.jsp
#

---------------  S U M M A R Y ------------

Command Line: -XX:+ShowCodeDetailsInExceptionMessages -agentlib:jdwp=transport=dt_socket,suspend=y,address=localhost:56099 -ea -Dapplication.properties=\src\main\resources\config.properties -Dfile.encoding=Cp1252 org.testng.remote.RemoteTestNG -serport 56098 -protocol json -d C:\Users\rprajapati\git\RTE\RTE\test-output C:\Users\RPRAJA~1\AppData\Local\Temp\testng-eclipse-203134728\testng-customsuite.xml

Host: Intel(R) Core(TM) i5-8265U CPU @ 1.60GHz, 8 cores, 7G,  Windows 10 , 64 bit Build 19041 (10.0.19041.1741)
Time: Wed Jun 22 10:59:50 2022 India Standard Time elapsed time: 242.223745 seconds (0d 0h 4m 2s)

---------------  T H R E A D  ---------------

Current thread (0x0000029cb4befd60):  VMThread "VM Thread" [stack: 0x000000fb23c00000,0x000000fb23d00000] [id=18796]

Stack: [0x000000fb23c00000,0x000000fb23d00000],  sp=0x000000fb23cfea30,  free space=1018k
Native frames: (J=compiled Java code, j=interpreted, Vv=VM code, C=native code)
V  [jvm.dll+0x6e5b8c]
V  [jvm.dll+0x32cf6f]
V  [jvm.dll+0x32f0db]
V  [jvm.dll+0x32f72e]
V  [jvm.dll+0x32cdaf]
V  [jvm.dll+0x32c037]
V  [jvm.dll+0x656cce]
V  [jvm.dll+0x6569d3]
V  [jvm.dll+0x61c1e8]
V  [jvm.dll+0x7c18f5]
V  [jvm.dll+0x520446]
V  [jvm.dll+0x7d00ab]
V  [jvm.dll+0x7d0da4]
V  [jvm.dll+0x7d12a9]
V  [jvm.dll+0x7d1564]
V  [jvm.dll+0x7d1630]
V  [jvm.dll+0x7795aa]
V  [jvm.dll+0x667066]
C  [ucrtbase.dll+0x21bb2]
C  [KERNEL32.DLL+0x17034]
C  [ntdll.dll+0x52651]


siginfo: EXCEPTION_ACCESS_VIOLATION (0xc0000005), reading address 0x0000000000000004


Register to memory mapping:

RIP=0x00007ffecd955b8c jvm.dll
RAX=0x0 is NULL
RBX=0x0 is NULL
RCX=0x000000fb23cfea50 points into unknown readable memory: 0x0000000000000000 | 00 00 00 00 00 00 00 00
RDX=0x0 is NULL
RSP=0x000000fb23cfea30 points into unknown readable memory: 0x000000fb23cfeb90 | 90 eb cf 23 fb 00 00 00
RBP=0x000000fb23cfeb90 points into unknown readable memory: 0xffffffffffffffff | ff ff ff ff ff ff ff ff
RSI=0x0000000000000001 is an unknown value
RDI=0x000000fb23cff1a0 points into unknown readable memory: 0x00007ffecdba2218 | 18 22 ba cd fe 7f 00 00
R8 =0x0 is NULL
R9 =0x0000029cb7a08000 is pointing into metadata
R10=0x0 is NULL
R11=0x0000000047000000 is an unknown value
R12=0x00007ffecd270000 jvm.dll
R13=0x0000029cb67e9480 points into unknown readable memory: 0x0000020e70736900 | 00 69 73 70 0e 02 00 00
R14=0x000000fb23cfeac0 points into unknown readable memory: 0x0000000000000000 | 00 00 00 00 00 00 00 00
R15=0x00000000000007c2 is an unknown value


Registers:
RAX=0x0000000000000000, RBX=0x0000000000000000, RCX=0x000000fb23cfea50, RDX=0x0000000000000000
RSP=0x000000fb23cfea30, RBP=0x000000fb23cfeb90, RSI=0x0000000000000001, RDI=0x000000fb23cff1a0
R8 =0x0000000000000000, R9 =0x0000029cb7a08000, R10=0x0000000000000000, R11=0x0000000047000000
R12=0x00007ffecd270000, R13=0x0000029cb67e9480, R14=0x000000fb23cfeac0, R15=0x00000000000007c2
RIP=0x00007ffecd955b8c, EFLAGS=0x0000000000010246

Top of Stack: (sp=0x000000fb23cfea30)
0x000000fb23cfea30:   000000fb23cfeb90 0000000000000000
0x000000fb23cfea40:   000000fb23cff1a0 000000fb23cfea08
0x000000fb23cfea50:   0000000000000000 00007ffecd4aa3de
0x000000fb23cfea60:   000000fb23cfeae8 0000000000000000
0x000000fb23cfea70:   0000029cb4a93380 0000000000000000
0x000000fb23cfea80:   0000029cb7a09f4b 00007ffecd59cf6f
0x000000fb23cfea90:   0000000000000000 0000000000000001
0x000000fb23cfeaa0:   0000000000000000 0000029cb6914788
0x000000fb23cfeab0:   0000000001c2ec20 00007ffecd480232
0x000000fb23cfeac0:   0000000000000000 00007ffe00000063
0x000000fb23cfead0:   0000000000000000 000000fb23cfeb18
0x000000fb23cfeae0:   0000000000000000 0000029cb4a9ebe0
0x000000fb23cfeaf0:   000000310000001f 0000000000000031
0x000000fb23cfeb00:   000000030000000c 0000029cb4a93380
0x000000fb23cfeb10:   0000000000000000 0000000046000774
0x000000fb23cfeb20:   000000fb23cff270 00007ffecd954fb2 

Instructions: (pc=0x00007ffecd955b8c)
0x00007ffecd955a8c:   47 1c 03 00 00 00 44 89 47 0c 44 89 47 08 44 3b
0x00007ffecd955a9c:   c3 7c 17 c7 47 1c ff ff ff ff 48 8b 5c 24 30 48
0x00007ffecd955aac:   8b 74 24 38 48 83 c4 20 5f c3 0f be 4c 30 07 e8
0x00007ffecd955abc:   80 fc ff ff 48 83 c6 06 89 47 18 83 e8 0c 74 50
0x00007ffecd955acc:   83 f8 01 75 34 49 63 c0 48 3b c3 7d 18 0f 1f 80
0x00007ffecd955adc:   00 00 00 00 80 3c 30 5b 75 0b 41 ff c0 48 ff c0
0x00007ffecd955aec:   48 3b c3 7c ef 49 63 c8 41 8b c0 2b 47 0c 48 03
0x00007ffecd955afc:   ce 89 47 14 80 39 4c 74 1d 41 8d 58 01 89 5f 0c
0x00007ffecd955b0c:   48 8b 5c 24 30 48 8b 74 24 38 48 83 c4 20 5f c3
0x00007ffecd955b1c:   49 63 c8 48 03 ce 8b c3 ba 3b 00 00 00 41 2b c0
0x00007ffecd955b2c:   4c 63 c0 e8 9c f7 13 00 48 85 c0 74 06 8b d8 2b
0x00007ffecd955b3c:   de ff c3 48 8b 74 24 38 89 5f 0c 48 8b 5c 24 30
0x00007ffecd955b4c:   48 83 c4 20 5f c3 cc cc cc cc cc cc cc cc cc cc
0x00007ffecd955b5c:   cc cc cc cc 41 56 48 83 ec 50 83 79 08 63 4c 8b
0x00007ffecd955b6c:   f1 0f 85 d3 00 00 00 48 8b 01 48 8d 4c 24 20 48
0x00007ffecd955b7c:   89 44 24 20 48 89 5c 24 60 33 db 48 89 74 24 68
0x00007ffecd955b8c:   0f b7 40 04 89 44 24 30 48 8b 05 cd fd 40 00 48
0x00007ffecd955b9c:   89 44 24 40 c7 44 24 3c 01 00 00 00 c7 44 24 2c
0x00007ffecd955bac:   01 00 00 00 c7 44 24 28 01 00 00 00 89 5c 24 34
0x00007ffecd955bbc:   48 89 5c 24 48 e8 7a fe ff ff 48 8d 4c 24 20 e8
0x00007ffecd955bcc:   b0 00 00 00 8b 44 24 38 48 8b 4c 24 40 41 89 46
0x00007ffecd955bdc:   08 e8 0e e9 04 00 48 8b 74 24 48 48 85 f6 74 45
0x00007ffecd955bec:   39 1e 7e 41 48 89 7c 24 70 8b fb 66 0f 1f 84 00
0x00007ffecd955bfc:   00 00 00 00 48 8b 4e 08 48 8b 0c 39 e8 e3 e8 04
0x00007ffecd955c0c:   00 ff c3 48 8d 7f 08 3b 1e 7c e9 41 8b 46 08 48
0x00007ffecd955c1c:   8b 7c 24 70 48 8b 5c 24 60 48 8b 74 24 68 48 83
0x00007ffecd955c2c:   c4 50 41 5e c3 41 8b 46 08 48 8b 5c 24 60 48 8b
0x00007ffecd955c3c:   74 24 68 48 83 c4 50 41 5e c3 8b 41 08 48 83 c4
0x00007ffecd955c4c:   50 41 5e c3 48 8d 42 ff 48 83 f8 fd 77 14 48 3b
0x00007ffecd955c5c:   51 10 74 19 48 89 51 10 48 d1 ea 83 e2 0f 89 51
0x00007ffecd955c6c:   08 c3 48 89 51 10 c7 41 08 63 00 00 00 c3 cc cc
0x00007ffecd955c7c:   cc cc cc cc 40 53 48 83 ec 20 8b 41 1c 48 8b d9 


Stack slot to memory mapping:
stack at sp + 0 slots: 0x000000fb23cfeb90 points into unknown readable memory: 0xffffffffffffffff | ff ff ff ff ff ff ff ff
stack at sp + 1 slots: 0x0 is NULL
stack at sp + 2 slots: 0x000000fb23cff1a0 points into unknown readable memory: 0x00007ffecdba2218 | 18 22 ba cd fe 7f 00 00
stack at sp + 3 slots: 0x000000fb23cfea08 points into unknown readable memory: 0x6f4e202020202000 | 00 20 20 20 20 20 4e 6f
stack at sp + 4 slots: 0x0 is NULL
stack at sp + 5 slots: 0x00007ffecd4aa3de jvm.dll
stack at sp + 6 slots: 0x000000fb23cfeae8 points into unknown readable memory: 0x0000029cb4a9ebe0 | e0 eb a9 b4 9c 02 00 00
stack at sp + 7 slots: 0x0 is NULL

VM_Operation (0x000000fb246ff250): get/set locals, mode: safepoint, requested by thread 0x0000029cb59c9190


---------------  P R O C E S S  ---------------

Threads class SMR info:
_java_thread_list=0x0000029cb925af70, length=21, elements={
0x0000029c9adf0130, 0x0000029cb4c10020, 0x0000029cb4c11590, 0x0000029cb5810ab0,
0x0000029cb58123d0, 0x0000029cb5813480, 0x0000029cb58152e0, 0x0000029cb58186e0,
0x0000029cb581e640, 0x0000029cb5823360, 0x0000029cb59c9190, 0x0000029cb59cbd00,
0x0000029cb59ce860, 0x0000029cb59d5d20, 0x0000029cb59e4eb0, 0x0000029cb6851b00,
0x0000029cb7030fa0, 0x0000029cb7206010, 0x0000029cb7206530, 0x0000029cb91ad060,
0x0000029cb91acb10
}

Java Threads: ( => current thread )
  0x0000029c9adf0130 JavaThread "main" [_thread_blocked, id=6884, stack(0x000000fb23600000,0x000000fb23700000)]
  0x0000029cb4c10020 JavaThread "Reference Handler" daemon [_thread_blocked, id=9468, stack(0x000000fb23d00000,0x000000fb23e00000)]
  0x0000029cb4c11590 JavaThread "Finalizer" daemon [_thread_blocked, id=8092, stack(0x000000fb23e00000,0x000000fb23f00000)]
  0x0000029cb5810ab0 JavaThread "Signal Dispatcher" daemon [_thread_blocked, id=12752, stack(0x000000fb23f00000,0x000000fb24000000)]
  0x0000029cb58123d0 JavaThread "Attach Listener" daemon [_thread_blocked, id=10044, stack(0x000000fb24000000,0x000000fb24100000)]
  0x0000029cb5813480 JavaThread "Service Thread" daemon [_thread_blocked, id=9852, stack(0x000000fb24100000,0x000000fb24200000)]
  0x0000029cb58152e0 JavaThread "Monitor Deflation Thread" daemon [_thread_blocked, id=14560, stack(0x000000fb24200000,0x000000fb24300000)]
  0x0000029cb58186e0 JavaThread "C2 CompilerThread0" daemon [_thread_blocked, id=14756, stack(0x000000fb24300000,0x000000fb24400000)]
  0x0000029cb581e640 JavaThread "C1 CompilerThread0" daemon [_thread_blocked, id=7388, stack(0x000000fb24400000,0x000000fb24500000)]
  0x0000029cb5823360 JavaThread "Sweeper thread" daemon [_thread_blocked, id=13432, stack(0x000000fb24500000,0x000000fb24600000)]
  0x0000029cb59c9190 JavaThread "JDWP Transport Listener: dt_socket" daemon [_thread_blocked, id=5500, stack(0x000000fb24600000,0x000000fb24700000)]
  0x0000029cb59cbd00 JavaThread "JDWP Event Helper Thread" daemon [_thread_blocked, id=8032, stack(0x000000fb24700000,0x000000fb24800000)]
  0x0000029cb59ce860 JavaThread "JDWP Command Reader" daemon [_thread_in_native, id=17532, stack(0x000000fb24800000,0x000000fb24900000)]
  0x0000029cb59d5d20 JavaThread "Notification Thread" daemon [_thread_blocked, id=11932, stack(0x000000fb24900000,0x000000fb24a00000)]
  0x0000029cb59e4eb0 JavaThread "Common-Cleaner" daemon [_thread_blocked, id=7556, stack(0x000000fb24b00000,0x000000fb24c00000)]
  0x0000029cb6851b00 JavaThread "ReaderThread" [_thread_in_native, id=11868, stack(0x000000fb24e00000,0x000000fb24f00000)]
  0x0000029cb7030fa0 JavaThread "Exec Default Executor" daemon [_thread_in_native, id=18012, stack(0x000000fb25a00000,0x000000fb25b00000)]
  0x0000029cb7206010 JavaThread "Exec Stream Pumper" daemon [_thread_in_native, id=8572, stack(0x000000fb25c00000,0x000000fb25d00000)]
  0x0000029cb7206530 JavaThread "Exec Stream Pumper" daemon [_thread_in_native, id=3496, stack(0x000000fb25d00000,0x000000fb25e00000)]
  0x0000029cb91ad060 JavaThread "OkHttp ConnectionPool" daemon [_thread_blocked, id=3832, stack(0x000000fb25e00000,0x000000fb25f00000)]
  0x0000029cb91acb10 JavaThread "Okio Watchdog" daemon [_thread_blocked, id=12672, stack(0x000000fb25f00000,0x000000fb26000000)]

Other Threads:
=>0x0000029cb4befd60 VMThread "VM Thread" [stack: 0x000000fb23c00000,0x000000fb23d00000] [id=18796]
  0x0000029cb59d6240 WatcherThread [stack: 0x000000fb24a00000,0x000000fb24b00000] [id=6904]
  0x0000029c9ae31310 GCTaskThread "GC Thread#0" [stack: 0x000000fb23700000,0x000000fb23800000] [id=14096]
  0x0000029cb69148e0 GCTaskThread "GC Thread#1" [stack: 0x000000fb24f00000,0x000000fb25000000] [id=11468]
  0x0000029cb6914bf0 GCTaskThread "GC Thread#2" [stack: 0x000000fb25000000,0x000000fb25100000] [id=14924]
  0x0000029cb6914f00 GCTaskThread "GC Thread#3" [stack: 0x000000fb25100000,0x000000fb25200000] [id=12948]
  0x0000029cb6a66c40 GCTaskThread "GC Thread#4" [stack: 0x000000fb25200000,0x000000fb25300000] [id=8356]
  0x0000029cb6a353b0 GCTaskThread "GC Thread#5" [stack: 0x000000fb25300000,0x000000fb25400000] [id=12552]
  0x0000029cb6a356c0 GCTaskThread "GC Thread#6" [stack: 0x000000fb25400000,0x000000fb25500000] [id=16220]
  0x0000029cb6a653e0 GCTaskThread "GC Thread#7" [stack: 0x000000fb25500000,0x000000fb25600000] [id=12464]
  0x0000029c9ae42780 ConcurrentGCThread "G1 Main Marker" [stack: 0x000000fb23800000,0x000000fb23900000] [id=15864]
  0x0000029c9ae43180 ConcurrentGCThread "G1 Conc#0" [stack: 0x000000fb23900000,0x000000fb23a00000] [id=15544]
  0x0000029cb714cf10 ConcurrentGCThread "G1 Conc#1" [stack: 0x000000fb25800000,0x000000fb25900000] [id=14932]
  0x0000029cb4a410a0 ConcurrentGCThread "G1 Refine#0" [stack: 0x000000fb23a00000,0x000000fb23b00000] [id=18332]
  0x0000029cb6915210 ConcurrentGCThread "G1 Refine#1" [stack: 0x000000fb25600000,0x000000fb25700000] [id=17780]
  0x0000029cb5ae5d80 ConcurrentGCThread "G1 Refine#2" [stack: 0x000000fb25700000,0x000000fb25800000] [id=14828]
  0x0000029cb4a41ab0 ConcurrentGCThread "G1 Service" [stack: 0x000000fb23b00000,0x000000fb23c00000] [id=2416]

Threads with active compile tasks:

VM state: at safepoint (normal execution)

VM Mutex/Monitor currently owned by a thread:  ([mutex/lock_event])
[0x0000029c9adec240] Threads_lock - owner thread: 0x0000029cb4befd60

Heap address: 0x0000000081c00000, size: 2020 MB, Compressed Oops mode: 32-bit

CDS disabled.
Compressed class space mapped at: 0x0000000100000000-0x0000000140000000, reserved size: 1073741824
Narrow klass base: 0x0000000000000000, Narrow klass shift: 3, Narrow klass range: 0x140000000

GC Precious Log:
 CPUs: 8 total, 8 available
 Memory: 8078M
 Large Page Support: Disabled
 NUMA Support: Disabled
 Compressed Oops: Enabled (32-bit)
 Heap Region Size: 1M
 Heap Min Capacity: 8M
 Heap Initial Capacity: 128M
 Heap Max Capacity: 2020M
 Pre-touch: Disabled
 Parallel Workers: 8
 Concurrent Workers: 2
 Concurrent Refinement Workers: 8
 Periodic GC: Disabled

Heap:
 garbage-first heap   total 51200K, used 29981K [0x0000000081c00000, 0x0000000100000000)
  region size 1024K, 19 young (19456K), 1 survivors (1024K)
 Metaspace       used 29046K, committed 29248K, reserved 1081344K
  class space    used 3043K, committed 3136K, reserved 1048576K

Heap Regions: E=young(eden), S=young(survivor), O=old, HS=humongous(starts), HC=humongous(continues), CS=collection set, F=free, OA=open archive, CA=closed archive, TAMS=top-at-mark-start (previous, next)
|   0|0x0000000081c00000, 0x0000000081d00000, 0x0000000081d00000|100%|HS|  |TAMS 0x0000000081d00000, 0x0000000081c00000| Complete 
|   1|0x0000000081d00000, 0x0000000081e00000, 0x0000000081e00000|100%| O|  |TAMS 0x0000000081e00000, 0x0000000081d00000| Untracked 
|   2|0x0000000081e00000, 0x0000000081f00000, 0x0000000081f00000|100%| O|  |TAMS 0x0000000081f00000, 0x0000000081e00000| Untracked 
|   3|0x0000000081f00000, 0x0000000082000000, 0x0000000082000000|100%| O|  |TAMS 0x0000000082000000, 0x0000000081f00000| Untracked 
|   4|0x0000000082000000, 0x0000000082100000, 0x0000000082100000|100%| O|  |TAMS 0x000000008202d400, 0x0000000082000000| Untracked 
|   5|0x0000000082100000, 0x0000000082200000, 0x0000000082200000|100%| O|  |TAMS 0x0000000082100000, 0x0000000082100000| Untracked 
|   6|0x0000000082200000, 0x0000000082300000, 0x0000000082300000|100%| O|  |TAMS 0x0000000082200000, 0x0000000082200000| Untracked 
|   7|0x0000000082300000, 0x000000008234b400, 0x0000000082400000| 29%| O|  |TAMS 0x0000000082300000, 0x0000000082300000| Untracked 
|   8|0x0000000082400000, 0x0000000082500000, 0x0000000082500000|100%| O|  |TAMS 0x0000000082400000, 0x0000000082400000| Untracked 
|   9|0x0000000082500000, 0x0000000082600000, 0x0000000082600000|100%| O|  |TAMS 0x0000000082500000, 0x0000000082500000| Untracked 
|  10|0x0000000082600000, 0x0000000082700000, 0x0000000082700000|100%| O|  |TAMS 0x0000000082600000, 0x0000000082600000| Untracked 
|  11|0x0000000082700000, 0x0000000082800000, 0x0000000082800000|100%| O|  |TAMS 0x0000000082700000, 0x0000000082700000| Untracked 
|  12|0x0000000082800000, 0x00000000828ca000, 0x0000000082900000| 78%| O|  |TAMS 0x0000000082800000, 0x0000000082800000| Untracked 
|  13|0x0000000082900000, 0x0000000082900000, 0x0000000082a00000|  0%| F|  |TAMS 0x0000000082900000, 0x0000000082900000| Untracked 
|  14|0x0000000082a00000, 0x0000000082a00000, 0x0000000082b00000|  0%| F|  |TAMS 0x0000000082a00000, 0x0000000082a00000| Untracked 
|  15|0x0000000082b00000, 0x0000000082b00000, 0x0000000082c00000|  0%| F|  |TAMS 0x0000000082b00000, 0x0000000082b00000| Untracked 
|  16|0x0000000082c00000, 0x0000000082c00000, 0x0000000082d00000|  0%| F|  |TAMS 0x0000000082c00000, 0x0000000082c00000| Untracked 
|  17|0x0000000082d00000, 0x0000000082d00000, 0x0000000082e00000|  0%| F|  |TAMS 0x0000000082d00000, 0x0000000082d00000| Untracked 
|  18|0x0000000082e00000, 0x0000000082e00000, 0x0000000082f00000|  0%| F|  |TAMS 0x0000000082e00000, 0x0000000082e00000| Untracked 
|  19|0x0000000082f00000, 0x0000000082f00000, 0x0000000083000000|  0%| F|  |TAMS 0x0000000082f00000, 0x0000000082f00000| Untracked 
|  20|0x0000000083000000, 0x0000000083000000, 0x0000000083100000|  0%| F|  |TAMS 0x0000000083000000, 0x0000000083000000| Untracked 
|  21|0x0000000083100000, 0x0000000083132230, 0x0000000083200000| 19%| S|CS|TAMS 0x0000000083100000, 0x0000000083100000| Complete 
|  22|0x0000000083200000, 0x0000000083200000, 0x0000000083300000|  0%| F|  |TAMS 0x0000000083200000, 0x0000000083200000| Untracked 
|  23|0x0000000083300000, 0x0000000083300000, 0x0000000083400000|  0%| F|  |TAMS 0x0000000083300000, 0x0000000083300000| Untracked 
|  24|0x0000000083400000, 0x0000000083400000, 0x0000000083500000|  0%| F|  |TAMS 0x0000000083400000, 0x0000000083400000| Untracked 
|  25|0x0000000083500000, 0x0000000083500000, 0x0000000083600000|  0%| F|  |TAMS 0x0000000083500000, 0x0000000083500000| Untracked 
|  26|0x0000000083600000, 0x0000000083600000, 0x0000000083700000|  0%| F|  |TAMS 0x0000000083600000, 0x0000000083600000| Untracked 
|  27|0x0000000083700000, 0x0000000083700000, 0x0000000083800000|  0%| F|  |TAMS 0x0000000083700000, 0x0000000083700000| Untracked 
|  28|0x0000000083800000, 0x0000000083800000, 0x0000000083900000|  0%| F|  |TAMS 0x0000000083800000, 0x0000000083800000| Untracked 
|  29|0x0000000083900000, 0x0000000083900000, 0x0000000083a00000|  0%| F|  |TAMS 0x0000000083900000, 0x0000000083900000| Untracked 
|  30|0x0000000083a00000, 0x0000000083a00000, 0x0000000083b00000|  0%| F|  |TAMS 0x0000000083a00000, 0x0000000083a00000| Untracked 
|  31|0x0000000083b00000, 0x0000000083b00000, 0x0000000083c00000|  0%| F|  |TAMS 0x0000000083b00000, 0x0000000083b00000| Untracked 
|  32|0x0000000083c00000, 0x0000000083c638a0, 0x0000000083d00000| 38%| E|  |TAMS 0x0000000083c00000, 0x0000000083c00000| Complete 
|  33|0x0000000083d00000, 0x0000000083e00000, 0x0000000083e00000|100%| E|CS|TAMS 0x0000000083d00000, 0x0000000083d00000| Complete 
|  34|0x0000000083e00000, 0x0000000083f00000, 0x0000000083f00000|100%| E|CS|TAMS 0x0000000083e00000, 0x0000000083e00000| Complete 
|  35|0x0000000083f00000, 0x0000000084000000, 0x0000000084000000|100%| E|CS|TAMS 0x0000000083f00000, 0x0000000083f00000| Complete 
|  36|0x0000000084000000, 0x0000000084100000, 0x0000000084100000|100%| E|CS|TAMS 0x0000000084000000, 0x0000000084000000| Complete 
|  37|0x0000000084100000, 0x0000000084200000, 0x0000000084200000|100%| E|CS|TAMS 0x0000000084100000, 0x0000000084100000| Complete 
|  38|0x0000000084200000, 0x0000000084300000, 0x0000000084300000|100%| E|CS|TAMS 0x0000000084200000, 0x0000000084200000| Complete 
|  39|0x0000000084300000, 0x0000000084400000, 0x0000000084400000|100%| E|CS|TAMS 0x0000000084300000, 0x0000000084300000| Complete 
|  40|0x0000000084400000, 0x0000000084500000, 0x0000000084500000|100%| E|CS|TAMS 0x0000000084400000, 0x0000000084400000| Complete 
|  41|0x0000000084500000, 0x0000000084600000, 0x0000000084600000|100%| E|CS|TAMS 0x0000000084500000, 0x0000000084500000| Complete 
|  42|0x0000000084600000, 0x0000000084700000, 0x0000000084700000|100%| E|CS|TAMS 0x0000000084600000, 0x0000000084600000| Complete 
|  43|0x0000000084700000, 0x0000000084800000, 0x0000000084800000|100%| E|CS|TAMS 0x0000000084700000, 0x0000000084700000| Complete 
|  44|0x0000000084800000, 0x0000000084900000, 0x0000000084900000|100%| E|CS|TAMS 0x0000000084800000, 0x0000000084800000| Complete 
| 107|0x0000000088700000, 0x0000000088800000, 0x0000000088800000|100%| E|CS|TAMS 0x0000000088700000, 0x0000000088700000| Complete 
| 108|0x0000000088800000, 0x0000000088900000, 0x0000000088900000|100%| E|CS|TAMS 0x0000000088800000, 0x0000000088800000| Complete 
| 109|0x0000000088900000, 0x0000000088a00000, 0x0000000088a00000|100%| E|CS|TAMS 0x0000000088900000, 0x0000000088900000| Complete 
| 110|0x0000000088a00000, 0x0000000088b00000, 0x0000000088b00000|100%| E|CS|TAMS 0x0000000088a00000, 0x0000000088a00000| Complete 
| 127|0x0000000089b00000, 0x0000000089c00000, 0x0000000089c00000|100%| E|CS|TAMS 0x0000000089b00000, 0x0000000089b00000| Complete 

Card table byte_map: [0x0000029cada90000,0x0000029cade90000] _byte_map_base: 0x0000029cad682000

Marking Bits (Prev, Next): (CMBitMap*) 0x0000029c9ae31950, (CMBitMap*) 0x0000029c9ae31910
 Prev Bits: [0x0000029cb0220000, 0x0000029cb21b0000)
 Next Bits: [0x0000029cae290000, 0x0000029cb0220000)

Polling page: 0x0000029c98df0000

Metaspace:

Usage:
  Non-class:     25.39 MB used.
      Class:      2.97 MB used.
       Both:     28.37 MB used.

Virtual space:
  Non-class space:       32.00 MB reserved,      25.50 MB ( 80%) committed,  4 nodes.
      Class space:        1.00 GB reserved,       3.06 MB ( <1%) committed,  1 nodes.
              Both:        1.03 GB reserved,      28.56 MB (  3%) committed. 

Chunk freelists:
   Non-Class:  1.88 MB
       Class:  976.00 KB
        Both:  2.83 MB

MaxMetaspaceSize: 17179869184.00 GB
CompressedClassSpaceSize: 1.00 GB
 - commit_granule_bytes: 65536.
 - commit_granule_words: 8192.
 - virtual_space_node_default_size: 1048576.
 - enlarge_chunks_in_place: 1.
 - new_chunks_are_fully_committed: 0.
 - uncommit_free_chunks: 1.
 - use_allocation_guard: 0.
 - handle_deallocations: 1.


Internal statistics:

num_allocs_failed_limit: 3.
num_arena_births: 200.
num_arena_deaths: 0.
num_vsnodes_births: 5.
num_vsnodes_deaths: 0.
num_space_committed: 457.
num_space_uncommitted: 0.
num_chunks_returned_to_freelist: 3.
num_chunks_taken_from_freelist: 762.
num_chunk_merges: 3.
num_chunk_splits: 468.
num_chunks_enlarged: 335.
num_purges: 0.

CodeHeap 'non-profiled nmethods': size=120000Kb used=1733Kb max_used=1733Kb free=118266Kb
 bounds [0x0000029ca5e30000, 0x0000029ca60a0000, 0x0000029cad360000]
CodeHeap 'profiled nmethods': size=120000Kb used=7604Kb max_used=7604Kb free=112395Kb
 bounds [0x0000029c9e900000, 0x0000029c9f070000, 0x0000029ca5e30000]
CodeHeap 'non-nmethods': size=5760Kb used=1310Kb max_used=1388Kb free=4449Kb
 bounds [0x0000029c9e360000, 0x0000029c9e5d0000, 0x0000029c9e900000]
 total_blobs=4126 nmethods=3585 adapters=453
 compilation: enabled
              stopped_count=0, restarted_count=0
 full_count=0

Compilation events (20 events):
Event: 50.673 Thread 0x0000029cb581e640 3576       3       java.util.Date::getTime (5 bytes)
Event: 50.674 Thread 0x0000029cb581e640 nmethod 3576 0x0000029c9f06a390 code [0x0000029c9f06a540, 0x0000029c9f06a808]
Event: 50.674 Thread 0x0000029cb581e640 3577       3       java.util.Date::getTimeImpl (27 bytes)
Event: 50.674 Thread 0x0000029cb581e640 nmethod 3577 0x0000029c9f06a910 code [0x0000029c9f06aac0, 0x0000029c9f06ad28]
Event: 50.706 Thread 0x0000029cb581e640 3578       3       java.util.HashMap::<init> (17 bytes)
Event: 50.706 Thread 0x0000029cb581e640 nmethod 3578 0x0000029c9f06ae10 code [0x0000029c9f06afc0, 0x0000029c9f06b1e8]
Event: 50.784 Thread 0x0000029cb581e640 3579       3       com.google.common.collect.RegularImmutableMap::size (6 bytes)
Event: 50.785 Thread 0x0000029cb581e640 nmethod 3579 0x0000029c9f06b310 code [0x0000029c9f06b4a0, 0x0000029c9f06b5b8]
Event: 50.902 Thread 0x0000029cb581e640 3580       3       jdk.internal.loader.URLClassPath$FileLoader::findResource (18 bytes)
Event: 50.903 Thread 0x0000029cb581e640 nmethod 3580 0x0000029c9f06b690 code [0x0000029c9f06b860, 0x0000029c9f06baf8]
Event: 50.998 Thread 0x0000029cb581e640 3581       3       okhttp3.internal.http1.Http1Codec$FixedLengthSink::close (52 bytes)
Event: 50.998 Thread 0x0000029cb581e640 nmethod 3581 0x0000029c9f06bc10 code [0x0000029c9f06be20, 0x0000029c9f06c3e8]
Event: 51.101 Thread 0x0000029cb58186e0 3582 %     4       sun.nio.cs.SingleByte$Encoder::encodeArrayLoop @ 70 (233 bytes)
Event: 51.111 Thread 0x0000029cb581e640 3584       3       java.nio.charset.Charset::lookup (44 bytes)
Event: 51.112 Thread 0x0000029cb581e640 nmethod 3584 0x0000029c9f06c610 code [0x0000029c9f06c800, 0x0000029c9f06cc68]
Event: 51.120 Thread 0x0000029cb58186e0 nmethod 3582% 0x0000029ca5fdea10 code [0x0000029ca5fdebe0, 0x0000029ca5fdfbf8]
Event: 51.120 Thread 0x0000029cb58186e0 3583   !   4       java.util.regex.Pattern::matcher (44 bytes)
Event: 51.135 Thread 0x0000029cb58186e0 nmethod 3583 0x0000029ca5fe0310 code [0x0000029ca5fe04e0, 0x0000029ca5fe10f8]
Event: 51.233 Thread 0x0000029cb581e640 3585       3       java.nio.charset.Charset::forName (20 bytes)
Event: 51.233 Thread 0x0000029cb581e640 nmethod 3585 0x0000029c9f06ce10 code [0x0000029c9f06cfe0, 0x0000029c9f06d1d8]

GC Heap History (20 events):
Event: 12.015 GC heap before
{Heap before GC invocations=3 (full 0):
 garbage-first heap   total 45056K, used 42352K [0x0000000081c00000, 0x0000000100000000)
  region size 1024K, 36 young (36864K), 4 survivors (4096K)
 Metaspace       used 27377K, committed 27648K, reserved 1081344K
  class space    used 2951K, committed 3072K, reserved 1048576K
}
Event: 12.021 GC heap after
{Heap after GC invocations=4 (full 0):
 garbage-first heap   total 51200K, used 12844K [0x0000000081c00000, 0x0000000100000000)
  region size 1024K, 6 young (6144K), 6 survivors (6144K)
 Metaspace       used 27377K, committed 27648K, reserved 1081344K
  class space    used 2951K, committed 3072K, reserved 1048576K
}
Event: 23.136 GC heap before
{Heap before GC invocations=4 (full 0):
 garbage-first heap   total 51200K, used 31276K [0x0000000081c00000, 0x0000000100000000)
  region size 1024K, 25 young (25600K), 6 survivors (6144K)
 Metaspace       used 27856K, committed 28096K, reserved 1081344K
  class space    used 3010K, committed 3136K, reserved 1048576K
}
Event: 23.143 GC heap after
{Heap after GC invocations=5 (full 0):
 garbage-first heap   total 51200K, used 13217K [0x0000000081c00000, 0x0000000100000000)
  region size 1024K, 1 young (1024K), 1 survivors (1024K)
 Metaspace       used 27856K, committed 28096K, reserved 1081344K
  class space    used 3010K, committed 3136K, reserved 1048576K
}
Event: 24.661 GC heap before
{Heap before GC invocations=5 (full 0):
 garbage-first heap   total 51200K, used 33697K [0x0000000081c00000, 0x0000000100000000)
  region size 1024K, 22 young (22528K), 1 survivors (1024K)
 Metaspace       used 27955K, committed 28160K, reserved 1081344K
  class space    used 3019K, committed 3136K, reserved 1048576K
}
Event: 24.663 GC heap after
{Heap after GC invocations=6 (full 0):
 garbage-first heap   total 51200K, used 12776K [0x0000000081c00000, 0x0000000100000000)
  region size 1024K, 1 young (1024K), 1 survivors (1024K)
 Metaspace       used 27955K, committed 28160K, reserved 1081344K
  class space    used 3019K, committed 3136K, reserved 1048576K
}
Event: 28.155 GC heap before
{Heap before GC invocations=6 (full 0):
 garbage-first heap   total 51200K, used 34280K [0x0000000081c00000, 0x0000000100000000)
  region size 1024K, 23 young (23552K), 1 survivors (1024K)
 Metaspace       used 28026K, committed 28288K, reserved 1081344K
  class space    used 3020K, committed 3136K, reserved 1048576K
}
Event: 28.156 GC heap after
{Heap after GC invocations=7 (full 0):
 garbage-first heap   total 51200K, used 12619K [0x0000000081c00000, 0x0000000100000000)
  region size 1024K, 1 young (1024K), 1 survivors (1024K)
 Metaspace       used 28026K, committed 28288K, reserved 1081344K
  class space    used 3020K, committed 3136K, reserved 1048576K
}
Event: 30.723 GC heap before
{Heap before GC invocations=7 (full 0):
 garbage-first heap   total 51200K, used 36171K [0x0000000081c00000, 0x0000000100000000)
  region size 1024K, 25 young (25600K), 1 survivors (1024K)
 Metaspace       used 28078K, committed 28288K, reserved 1081344K
  class space    used 3020K, committed 3136K, reserved 1048576K
}
Event: 30.724 GC heap after
{Heap after GC invocations=8 (full 0):
 garbage-first heap   total 51200K, used 12638K [0x0000000081c00000, 0x0000000100000000)
  region size 1024K, 1 young (1024K), 1 survivors (1024K)
 Metaspace       used 28078K, committed 28288K, reserved 1081344K
  class space    used 3020K, committed 3136K, reserved 1048576K
}
Event: 34.450 GC heap before
{Heap before GC invocations=8 (full 0):
 garbage-first heap   total 51200K, used 37214K [0x0000000081c00000, 0x0000000100000000)
  region size 1024K, 26 young (26624K), 1 survivors (1024K)
 Metaspace       used 28354K, committed 28608K, reserved 1081344K
  class space    used 3027K, committed 3136K, reserved 1048576K
}
Event: 34.451 GC heap after
{Heap after GC invocations=9 (full 0):
 garbage-first heap   total 51200K, used 12569K [0x0000000081c00000, 0x0000000100000000)
  region size 1024K, 1 young (1024K), 1 survivors (1024K)
 Metaspace       used 28354K, committed 28608K, reserved 1081344K
  class space    used 3027K, committed 3136K, reserved 1048576K
}
Event: 39.850 GC heap before
{Heap before GC invocations=9 (full 0):
 garbage-first heap   total 51200K, used 39193K [0x0000000081c00000, 0x0000000100000000)
  region size 1024K, 27 young (27648K), 1 survivors (1024K)
 Metaspace       used 28581K, committed 28800K, reserved 1081344K
  class space    used 3028K, committed 3136K, reserved 1048576K
}
Event: 39.852 GC heap after
{Heap after GC invocations=10 (full 0):
 garbage-first heap   total 51200K, used 12651K [0x0000000081c00000, 0x0000000100000000)
  region size 1024K, 1 young (1024K), 1 survivors (1024K)
 Metaspace       used 28581K, committed 28800K, reserved 1081344K
  class space    used 3028K, committed 3136K, reserved 1048576K
}
Event: 44.588 GC heap before
{Heap before GC invocations=10 (full 0):
 garbage-first heap   total 51200K, used 39275K [0x0000000081c00000, 0x0000000100000000)
  region size 1024K, 28 young (28672K), 1 survivors (1024K)
 Metaspace       used 28814K, committed 28992K, reserved 1081344K
  class space    used 3041K, committed 3136K, reserved 1048576K
}
Event: 44.589 GC heap after
{Heap after GC invocations=11 (full 0):
 garbage-first heap   total 51200K, used 12555K [0x0000000081c00000, 0x0000000100000000)
  region size 1024K, 1 young (1024K), 1 survivors (1024K)
 Metaspace       used 28814K, committed 28992K, reserved 1081344K
  class space    used 3041K, committed 3136K, reserved 1048576K
}
Event: 46.324 GC heap before
{Heap before GC invocations=11 (full 0):
 garbage-first heap   total 51200K, used 41227K [0x0000000081c00000, 0x0000000100000000)
  region size 1024K, 29 young (29696K), 1 survivors (1024K)
 Metaspace       used 28841K, committed 29120K, reserved 1081344K
  class space    used 3041K, committed 3136K, reserved 1048576K
}
Event: 46.326 GC heap after
{Heap after GC invocations=12 (full 0):
 garbage-first heap   total 51200K, used 12616K [0x0000000081c00000, 0x0000000100000000)
  region size 1024K, 1 young (1024K), 1 survivors (1024K)
 Metaspace       used 28841K, committed 29120K, reserved 1081344K
  class space    used 3041K, committed 3136K, reserved 1048576K
}
Event: 48.888 GC heap before
{Heap before GC invocations=12 (full 0):
 garbage-first heap   total 51200K, used 41288K [0x0000000081c00000, 0x0000000100000000)
  region size 1024K, 29 young (29696K), 1 survivors (1024K)
 Metaspace       used 28859K, committed 29120K, reserved 1081344K
  class space    used 3041K, committed 3136K, reserved 1048576K
}
Event: 48.889 GC heap after
{Heap after GC invocations=13 (full 0):
 garbage-first heap   total 51200K, used 12573K [0x0000000081c00000, 0x0000000100000000)
  region size 1024K, 1 young (1024K), 1 survivors (1024K)
 Metaspace       used 28859K, committed 29120K, reserved 1081344K
  class space    used 3041K, committed 3136K, reserved 1048576K
}

Deoptimization events (20 events):
Event: 51.913 Thread 0x0000029c9adf0130 Uncommon trap: trap_request=0xffffff97 fr.pc=0x0000029ca5f957b0 relative=0x00000000000002d0
Event: 51.913 Thread 0x0000029c9adf0130 Uncommon trap: reason=unhandled action=none pc=0x0000029ca5f957b0 method=sun.nio.ch.NioSocketImpl.timedRead(Ljava/io/FileDescriptor;[BIIJ)I @ 57 c2
Event: 51.913 Thread 0x0000029c9adf0130 DEOPT PACKING pc=0x0000029ca5f957b0 sp=0x000000fb236fc2f0
Event: 51.913 Thread 0x0000029c9adf0130 DEOPT UNPACKING pc=0x0000029c9e3ad72e sp=0x000000fb236fc2a0 mode 2
Event: 51.913 Thread 0x0000029c9adf0130 DEOPT PACKING pc=0x0000029c9eeee10c sp=0x000000fb236fc390
Event: 51.913 Thread 0x0000029c9adf0130 DEOPT UNPACKING pc=0x0000029c9e3adece sp=0x000000fb236fb8a0 mode 1
Event: 51.913 Thread 0x0000029c9adf0130 DEOPT PACKING pc=0x0000029c9eeecd7c sp=0x000000fb236fc480
Event: 51.913 Thread 0x0000029c9adf0130 DEOPT UNPACKING pc=0x0000029c9e3adece sp=0x000000fb236fb9a8 mode 1
Event: 51.913 Thread 0x0000029c9adf0130 DEOPT PACKING pc=0x0000029c9eeec1dc sp=0x000000fb236fc580
Event: 51.913 Thread 0x0000029c9adf0130 DEOPT UNPACKING pc=0x0000029c9e3adece sp=0x000000fb236fba28 mode 1
Event: 51.913 Thread 0x0000029c9adf0130 DEOPT PACKING pc=0x0000029c9eeebde4 sp=0x000000fb236fc5e0
Event: 51.913 Thread 0x0000029c9adf0130 DEOPT UNPACKING pc=0x0000029c9e3adece sp=0x000000fb236fba88 mode 1
Event: 51.913 Thread 0x0000029c9adf0130 DEOPT PACKING pc=0x0000029c9eea64d4 sp=0x000000fb236fc640
Event: 51.913 Thread 0x0000029c9adf0130 DEOPT UNPACKING pc=0x0000029c9e3adece sp=0x000000fb236fbb50 mode 1
Event: 51.913 Thread 0x0000029c9adf0130 DEOPT PACKING pc=0x0000029c9eea5144 sp=0x000000fb236fc720
Event: 51.913 Thread 0x0000029c9adf0130 DEOPT UNPACKING pc=0x0000029c9e3adece sp=0x000000fb236fbbf8 mode 1
Event: 51.913 Thread 0x0000029c9adf0130 DEOPT PACKING pc=0x0000029c9f0202c4 sp=0x000000fb236fc7e0
Event: 51.913 Thread 0x0000029c9adf0130 DEOPT UNPACKING pc=0x0000029c9e3adece sp=0x000000fb236fbcc0 mode 1
Event: 51.913 Thread 0x0000029c9adf0130 DEOPT PACKING pc=0x0000029c9f04bf1c sp=0x000000fb236fc860
Event: 51.913 Thread 0x0000029c9adf0130 DEOPT UNPACKING pc=0x0000029c9e3adece sp=0x000000fb236fbd20 mode 1

Classes unloaded (0 events):
No events

Classes redefined (2 events):
Event: 200.081 Thread 0x0000029cb4befd60 redefined class name=rte_RTEJobCreation.CreateRTEJobManual, count=1
Event: 242.087 Thread 0x0000029cb4befd60 redefined class name=rte_RTEJobCreation.CreateRTEJobManual, count=2

Internal exceptions (20 events):
Event: 2.114 Thread 0x0000029cb7030fa0 Exception <a 'java/lang/NoSuchMethodError'{0x0000000083aa1620}: 'java.lang.Object java.lang.invoke.DirectMethodHandle$Holder.invokeStaticInit(java.lang.Object, java.lang.Object, long, java.lang.Object)'> (0x0000000083aa1620) 
thrown [t:\workspace\open\src\hotspot\share\interpreter\linkResolver.cpp, line 790]
Event: 2.115 Thread 0x0000029cb7030fa0 Exception <a 'java/lang/NoSuchMethodError'{0x0000000083aa7958}: 'java.lang.Object java.lang.invoke.DirectMethodHandle$Holder.newInvokeSpecial(java.lang.Object, java.lang.Object, long)'> (0x0000000083aa7958) 
thrown [t:\workspace\open\src\hotspot\share\interpreter\linkResolver.cpp, line 790]
Event: 2.115 Thread 0x0000029cb7030fa0 Exception <a 'java/lang/NoSuchMethodError'{0x0000000083aab6c8}: 'java.lang.Object java.lang.invoke.Invokers$Holder.linkToTargetMethod(java.lang.Object, long, java.lang.Object)'> (0x0000000083aab6c8) 
thrown [t:\workspace\open\src\hotspot\share\interpreter\linkResolver.cpp, line 790]
Event: 2.144 Thread 0x0000029cb702b7d0 Exception <a 'java/net/ConnectException'{0x0000000083ad1470}: Connection refused: no further information> (0x0000000083ad1470) 
thrown [t:\workspace\open\src\hotspot\share\prims\jni.cpp, line 600]
Event: 2.144 Thread 0x0000029cb702b7d0 Exception <a 'java/net/SocketException'{0x0000000083ad17a8}: Socket is not connected: shutdown> (0x0000000083ad17a8) 
thrown [t:\workspace\open\src\hotspot\share\prims\jni.cpp, line 600]
Event: 2.191 Thread 0x0000029cb702b7d0 Exception <a 'java/net/ConnectException'{0x0000000083ad27b8}: Connection refused: no further information> (0x0000000083ad27b8) 
thrown [t:\workspace\open\src\hotspot\share\prims\jni.cpp, line 600]
Event: 2.191 Thread 0x0000029cb702b7d0 Exception <a 'java/net/SocketException'{0x0000000083ad2af0}: Socket is not connected: shutdown> (0x0000000083ad2af0) 
thrown [t:\workspace\open\src\hotspot\share\prims\jni.cpp, line 600]
Event: 2.312 Thread 0x0000029c9adf0130 Exception <a 'java/lang/NoSuchMethodError'{0x00000000839b4608}: 'java.lang.Object java.lang.invoke.DirectMethodHandle$Holder.invokeInterface(java.lang.Object, java.lang.Object, java.lang.Object)'> (0x00000000839b4608) 
thrown [t:\workspace\open\src\hotspot\share\interpreter\linkResolver.cpp, line 790]
Event: 2.312 Thread 0x0000029c9adf0130 Exception <a 'java/lang/IncompatibleClassChangeError'{0x00000000839b7ea0}: Found class java.lang.Object, but interface was expected> (0x00000000839b7ea0) 
thrown [t:\workspace\open\src\hotspot\share\interpreter\linkResolver.cpp, line 857]
Event: 2.314 Thread 0x0000029c9adf0130 Exception <a 'java/lang/NoSuchMethodError'{0x00000000839c0880}: 'int java.lang.invoke.DirectMethodHandle$Holder.invokeSpecialIFC(java.lang.Object, java.lang.Object, java.lang.Object, java.lang.Object)'> (0x00000000839c0880) 
thrown [t:\workspace\open\src\hotspot\share\interpreter\linkResolver.cpp, line 790]
Event: 2.327 Thread 0x0000029c9adf0130 Exception <a 'java/lang/NoSuchMethodError'{0x0000000083824c68}: 'double java.lang.invoke.DirectMethodHandle$Holder.invokeVirtual(java.lang.Object, java.lang.Object)'> (0x0000000083824c68) 
thrown [t:\workspace\open\src\hotspot\share\interpreter\linkResolver.cpp, line 790]
Event: 2.328 Thread 0x0000029c9adf0130 Exception <a 'java/lang/NoSuchMethodError'{0x000000008382b650}: 'float java.lang.invoke.DirectMethodHandle$Holder.invokeVirtual(java.lang.Object, java.lang.Object)'> (0x000000008382b650) 
thrown [t:\workspace\open\src\hotspot\share\interpreter\linkResolver.cpp, line 790]
Event: 2.329 Thread 0x0000029c9adf0130 Exception <a 'java/lang/NoSuchMethodError'{0x00000000838348d8}: 'long java.lang.invoke.DirectMethodHandle$Holder.invokeVirtual(java.lang.Object, java.lang.Object)'> (0x00000000838348d8) 
thrown [t:\workspace\open\src\hotspot\share\interpreter\linkResolver.cpp, line 790]
Event: 2.362 Thread 0x0000029c9adf0130 Exception <a 'java/lang/NoSuchMethodError'{0x000000008378b6b0}: 'void java.lang.invoke.DirectMethodHandle$Holder.invokeSpecial(java.lang.Object, java.lang.Object, java.lang.Object, java.lang.Object, java.lang.Object)'> (0x000000008378b6b0) 
thrown [t:\workspace\open\src\hotspot\share\interpreter\linkResolver.cpp, line 790]
Event: 2.381 Thread 0x0000029c9adf0130 Exception <a 'java/lang/NoSuchMethodError'{0x0000000083666570}: 'java.lang.Object java.lang.invoke.DirectMethodHandle$Holder.newInvokeSpecial(java.lang.Object, java.lang.Object, java.lang.Object, java.lang.Object, java.lang.Object)'> (0x0000000083666570) 
thrown [t:\workspace\open\src\hotspot\share\interpreter\linkResolver.cpp, line 790]
Event: 3.204 Thread 0x0000029c9adf0130 Exception <a 'java/lang/NoSuchMethodError'{0x0000000082e22880}: 'java.lang.Object java.lang.invoke.DirectMethodHandle$Holder.invokeSpecialIFC(java.lang.Object, java.lang.Object, java.lang.Object)'> (0x0000000082e22880) 
thrown [t:\workspace\open\src\hotspot\share\interpreter\linkResolver.cpp, line 790]
Event: 3.286 Thread 0x0000029c9adf0130 Exception <a 'java/lang/ClassNotFoundException'{0x0000000082ea69c8}: sun/util/logging/resources/spi/loggingProvider> (0x0000000082ea69c8) 
thrown [t:\workspace\open\src\hotspot\share\classfile\systemDictionary.cpp, line 256]
Event: 22.960 Thread 0x0000029c9adf0130 Exception <a 'java/lang/ClassNotFoundException'{0x0000000083f97e00}: sun/misc/SharedSecrets> (0x0000000083f97e00) 
thrown [t:\workspace\open\src\hotspot\share\classfile\systemDictionary.cpp, line 256]
Event: 23.069 Thread 0x0000029c9adf0130 Exception <a 'java/lang/NoSuchMethodError'{0x00000000837206d8}: 'void java.lang.invoke.DirectMethodHandle$Holder.invokeInterface(java.lang.Object, java.lang.Object)'> (0x00000000837206d8) 
thrown [t:\workspace\open\src\hotspot\share\interpreter\linkResolver.cpp, line 790]
Event: 42.794 Thread 0x0000029c9adf0130 Exception <a 'java/lang/NoSuchMethodError'{0x0000000083b70770}: 'java.lang.Object java.lang.invoke.Invokers$Holder.invoke_MT(java.lang.Object, java.lang.Object, java.lang.Object)'> (0x0000000083b70770) 
thrown [t:\workspace\open\src\hotspot\share\interpreter\linkResolver.cpp, line 790]

Events (20 events):
Event: 200.244 Executing  VM operation: get/set locals done
Event: 200.244 Executing  VM operation: get/set locals
Event: 200.244 Executing  VM operation: get/set locals done
Event: 200.245 Executing  VM operation: get/set locals
Event: 200.245 Executing  VM operation: get/set locals done
Event: 200.245 Executing  VM operation: get/set locals
Event: 200.245 Executing  VM operation: get/set locals done
Event: 200.245 Executing  VM operation: get/set locals
Event: 200.246 Executing  VM operation: get/set locals done
Event: 200.246 Executing  VM operation: get/set locals
Event: 200.246 Executing  VM operation: get/set locals done
Event: 200.246 Executing  VM operation: get/set locals
Event: 200.247 Executing  VM operation: get/set locals done
Event: 200.247 Executing  VM operation: get/set locals
Event: 200.247 Executing  VM operation: get/set locals done
Event: 242.081 Executing  VM operation: RedefineClasses
Event: 242.097 Executing  VM operation: RedefineClasses done
Event: 242.106 Executing  VM operation: ChangeBreakpoints
Event: 242.108 Executing  VM operation: ChangeBreakpoints done
Event: 242.208 Executing  VM operation: get/set locals


Dynamic libraries:
0x00007ff6c3a60000 - 0x00007ff6c3a6e000 	C:\Users\rprajapati\.p2\pool\plugins\org.eclipse.justj.openjdk.hotspot.jre.full.win32.x86_64_16.0.2.v20210721-1149\jre\bin\javaw.exe
0x00007fff49190000 - 0x00007fff49387000 	C:\WINDOWS\SYSTEM32\ntdll.dll
0x00007fff49090000 - 0x00007fff4914d000 	C:\WINDOWS\System32\KERNEL32.DLL
0x00007fff46ea0000 - 0x00007fff4716d000 	C:\WINDOWS\System32\KERNELBASE.dll
0x00007fff46c60000 - 0x00007fff46d60000 	C:\WINDOWS\System32\ucrtbase.dll
0x00007fff42eb0000 - 0x00007fff42ec8000 	C:\Users\rprajapati\.p2\pool\plugins\org.eclipse.justj.openjdk.hotspot.jre.full.win32.x86_64_16.0.2.v20210721-1149\jre\bin\jli.dll
0x00007fff40b30000 - 0x00007fff40b49000 	C:\Users\rprajapati\.p2\pool\plugins\org.eclipse.justj.openjdk.hotspot.jre.full.win32.x86_64_16.0.2.v20210721-1149\jre\bin\VCRUNTIME140.dll
0x00007fff48ef0000 - 0x00007fff49090000 	C:\WINDOWS\System32\USER32.dll
0x00007fff47170000 - 0x00007fff47192000 	C:\WINDOWS\System32\win32u.dll
0x00007fff47b30000 - 0x00007fff47b5a000 	C:\WINDOWS\System32\GDI32.dll
0x00007fff1eb10000 - 0x00007fff1edaa000 	C:\WINDOWS\WinSxS\amd64_microsoft.windows.common-controls_6595b64144ccf1df_6.0.19041.1110_none_60b5254171f9507e\COMCTL32.dll
0x00007fff46d90000 - 0x00007fff46e9b000 	C:\WINDOWS\System32\gdi32full.dll
0x00007fff46a10000 - 0x00007fff46aad000 	C:\WINDOWS\System32\msvcp_win.dll
0x00007fff48700000 - 0x00007fff4879e000 	C:\WINDOWS\System32\msvcrt.dll
0x00007fff487a0000 - 0x00007fff487d0000 	C:\WINDOWS\System32\IMM32.DLL
0x00007fff42e70000 - 0x00007fff42e7c000 	C:\Users\rprajapati\.p2\pool\plugins\org.eclipse.justj.openjdk.hotspot.jre.full.win32.x86_64_16.0.2.v20210721-1149\jre\bin\vcruntime140_1.dll
0x00007fff2a390000 - 0x00007fff2a421000 	C:\Users\rprajapati\.p2\pool\plugins\org.eclipse.justj.openjdk.hotspot.jre.full.win32.x86_64_16.0.2.v20210721-1149\jre\bin\msvcp140.dll
0x00007ffecd270000 - 0x00007ffecde1b000 	C:\Users\rprajapati\.p2\pool\plugins\org.eclipse.justj.openjdk.hotspot.jre.full.win32.x86_64_16.0.2.v20210721-1149\jre\bin\server\jvm.dll
0x00007fff471f0000 - 0x00007fff4729e000 	C:\WINDOWS\System32\ADVAPI32.dll
0x00007fff48e50000 - 0x00007fff48eec000 	C:\WINDOWS\System32\sechost.dll
0x00007fff48c40000 - 0x00007fff48d65000 	C:\WINDOWS\System32\RPCRT4.dll
0x00007fff481e0000 - 0x00007fff481e8000 	C:\WINDOWS\System32\PSAPI.DLL
0x00007fff3f1c0000 - 0x00007fff3f1ca000 	C:\WINDOWS\SYSTEM32\VERSION.dll
0x00007fff1a090000 - 0x00007fff1a0b7000 	C:\WINDOWS\SYSTEM32\WINMM.dll
0x00007fff1aee0000 - 0x00007fff1aee9000 	C:\WINDOWS\SYSTEM32\WSOCK32.dll
0x00007fff48560000 - 0x00007fff485cb000 	C:\WINDOWS\System32\WS2_32.dll
0x00007fff452e0000 - 0x00007fff452f2000 	C:\WINDOWS\SYSTEM32\kernel.appcore.dll
0x00007fff29450000 - 0x00007fff2945a000 	C:\Users\rprajapati\.p2\pool\plugins\org.eclipse.justj.openjdk.hotspot.jre.full.win32.x86_64_16.0.2.v20210721-1149\jre\bin\jimage.dll
0x00007fff44780000 - 0x00007fff44964000 	C:\WINDOWS\SYSTEM32\DBGHELP.DLL
0x00007fff31d20000 - 0x00007fff31d4c000 	C:\WINDOWS\SYSTEM32\dbgcore.DLL
0x00007fff46b60000 - 0x00007fff46be2000 	C:\WINDOWS\System32\bcryptPrimitives.dll
0x00007fff2bdf0000 - 0x00007fff2be2b000 	C:\Users\rprajapati\.p2\pool\plugins\org.eclipse.justj.openjdk.hotspot.jre.full.win32.x86_64_16.0.2.v20210721-1149\jre\bin\jdwp.dll
0x00007fff282e0000 - 0x00007fff28305000 	C:\Users\rprajapati\.p2\pool\plugins\org.eclipse.justj.openjdk.hotspot.jre.full.win32.x86_64_16.0.2.v20210721-1149\jre\bin\java.dll
0x00007fff282c0000 - 0x00007fff282d8000 	C:\Users\rprajapati\.p2\pool\plugins\org.eclipse.justj.openjdk.hotspot.jre.full.win32.x86_64_16.0.2.v20210721-1149\jre\bin\zip.dll
0x00007fff473d0000 - 0x00007fff47b14000 	C:\WINDOWS\System32\SHELL32.dll
0x00007fff44970000 - 0x00007fff45104000 	C:\WINDOWS\SYSTEM32\windows.storage.dll
0x00007fff48200000 - 0x00007fff48554000 	C:\WINDOWS\System32\combase.dll
0x00007fff46290000 - 0x00007fff462bc000 	C:\WINDOWS\SYSTEM32\Wldp.dll
0x00007fff472a0000 - 0x00007fff4734d000 	C:\WINDOWS\System32\SHCORE.dll
0x00007fff47b60000 - 0x00007fff47bb5000 	C:\WINDOWS\System32\shlwapi.dll
0x00007fff467f0000 - 0x00007fff4680f000 	C:\WINDOWS\SYSTEM32\profapi.dll
0x00007fff40520000 - 0x00007fff4052c000 	C:\Users\rprajapati\.p2\pool\plugins\org.eclipse.justj.openjdk.hotspot.jre.full.win32.x86_64_16.0.2.v20210721-1149\jre\bin\dt_socket.dll
0x00007fff45c90000 - 0x00007fff45ccb000 	C:\WINDOWS\SYSTEM32\IPHLPAPI.DLL
0x00007fff45fa0000 - 0x00007fff4600a000 	C:\WINDOWS\system32\mswsock.dll
0x00007fff45cd0000 - 0x00007fff45d9b000 	C:\WINDOWS\SYSTEM32\DNSAPI.dll
0x00007fff47b20000 - 0x00007fff47b28000 	C:\WINDOWS\System32\NSI.dll
0x00007fff3d430000 - 0x00007fff3d43a000 	C:\Windows\System32\rasadhlp.dll
0x00007fff41100000 - 0x00007fff41180000 	C:\WINDOWS\System32\fwpuclnt.dll
0x00007fff46d60000 - 0x00007fff46d87000 	C:\WINDOWS\System32\bcrypt.dll
0x00007fff282a0000 - 0x00007fff282b9000 	C:\Users\rprajapati\.p2\pool\plugins\org.eclipse.justj.openjdk.hotspot.jre.full.win32.x86_64_16.0.2.v20210721-1149\jre\bin\net.dll
0x00007fff383e0000 - 0x00007fff384ea000 	C:\WINDOWS\SYSTEM32\WINHTTP.dll
0x00007fff28280000 - 0x00007fff28293000 	C:\Users\rprajapati\.p2\pool\plugins\org.eclipse.justj.openjdk.hotspot.jre.full.win32.x86_64_16.0.2.v20210721-1149\jre\bin\nio.dll
0x00007fff46190000 - 0x00007fff461a8000 	C:\WINDOWS\SYSTEM32\CRYPTSP.dll
0x00007fff45920000 - 0x00007fff45954000 	C:\WINDOWS\system32\rsaenh.dll
0x00007fff467b0000 - 0x00007fff467de000 	C:\WINDOWS\SYSTEM32\USERENV.dll
0x00007fff46330000 - 0x00007fff4633c000 	C:\WINDOWS\SYSTEM32\CRYPTBASE.dll
0x00007fff40a40000 - 0x00007fff40a57000 	C:\WINDOWS\SYSTEM32\dhcpcsvc6.DLL
0x00007fff40980000 - 0x00007fff4099d000 	C:\WINDOWS\SYSTEM32\dhcpcsvc.DLL
0x00007fff2a270000 - 0x00007fff2a280000 	C:\Users\rprajapati\.p2\pool\plugins\org.eclipse.justj.openjdk.hotspot.jre.full.win32.x86_64_16.0.2.v20210721-1149\jre\bin\verify.dll
0x00007fff17510000 - 0x00007fff17527000 	C:\WINDOWS\system32\napinsp.dll
0x00007fff17350000 - 0x00007fff1736b000 	C:\WINDOWS\system32\pnrpnsp.dll
0x00007fff411c0000 - 0x00007fff411d5000 	C:\WINDOWS\system32\wshbth.dll
0x00007fff429d0000 - 0x00007fff429ed000 	C:\WINDOWS\system32\NLAapi.dll
0x00007fff174f0000 - 0x00007fff17502000 	C:\WINDOWS\System32\winrnr.dll
0x00007fff40360000 - 0x00007fff40369000 	C:\Users\rprajapati\.p2\pool\plugins\org.eclipse.justj.openjdk.hotspot.jre.full.win32.x86_64_16.0.2.v20210721-1149\jre\bin\prefs.dll
0x00007fff2e280000 - 0x00007fff2e28e000 	C:\Users\rprajapati\.p2\pool\plugins\org.eclipse.justj.openjdk.hotspot.jre.full.win32.x86_64_16.0.2.v20210721-1149\jre\bin\sunmscapi.dll
0x00007fff468b0000 - 0x00007fff46a06000 	C:\WINDOWS\System32\CRYPT32.dll
0x00007fff46300000 - 0x00007fff46327000 	C:\WINDOWS\SYSTEM32\ncrypt.dll
0x00007fff462c0000 - 0x00007fff462fb000 	C:\WINDOWS\SYSTEM32\NTASN1.dll

dbghelp: loaded successfully - version: 4.0.5 - missing functions: none
symbol engine: initialized successfully - sym options: 0x614 - pdb path: .;C:\Users\rprajapati\.p2\pool\plugins\org.eclipse.justj.openjdk.hotspot.jre.full.win32.x86_64_16.0.2.v20210721-1149\jre\bin;C:\WINDOWS\SYSTEM32;C:\WINDOWS\WinSxS\amd64_microsoft.windows.common-controls_6595b64144ccf1df_6.0.19041.1110_none_60b5254171f9507e;C:\Users\rprajapati\.p2\pool\plugins\org.eclipse.justj.openjdk.hotspot.jre.full.win32.x86_64_16.0.2.v20210721-1149\jre\bin\server

VM Arguments:
jvm_args: -XX:+ShowCodeDetailsInExceptionMessages -agentlib:jdwp=transport=dt_socket,suspend=y,address=localhost:56099 -ea -Dapplication.properties=\src\main\resources\config.properties -Dfile.encoding=Cp1252 
java_command: org.testng.remote.RemoteTestNG -serport 56098 -protocol json -d C:\Users\rprajapati\git\RTE\RTE\test-output C:\Users\RPRAJA~1\AppData\Local\Temp\testng-eclipse-203134728\testng-customsuite.xml
java_class_path (initial): C:\Users\rprajapati\eclipse\java-2021-06\eclipse\configuration\org.eclipse.osgi\442\0\.cp\lib\testng-remote.jar;C:\Users\rprajapati\git\RTE\RTE\target\test-classes;C:\Users\rprajapati\git\RTE\RTE\target\classes;C:\Users\rprajapati\.p2\pool\plugins\org.testng_7.4.0.r202105021533.jar;C:\Users\rprajapati\.p2\pool\plugins\com.beust.jcommander_1.78.0.jar;C:\Users\rprajapati\.p2\pool\plugins\org.apache-extras.beanshell.bsh_2.0.0.b6.jar;C:\Users\rprajapati\.p2\pool\plugins\org.yaml.snakeyaml_1.21.0.jar;C:\Users\rprajapati\.p2\pool\plugins\org.webjars.jquery_3.5.1.jar;C:\Users\rprajapati\.m2\repository\org\seleniumhq\selenium\selenium-server\3.141.59\selenium-server-3.141.59.jar;C:\Users\rprajapati\.m2\repository\com\beust\jcommander\1.72\jcommander-1.72.jar;C:\Users\rprajapati\.m2\repository\net\bytebuddy\byte-buddy\1.8.15\byte-buddy-1.8.15.jar;C:\Users\rprajapati\.m2\repository\org\apache\commons\commons-exec\1.3\commons-exec-1.3.jar;C:\Users\rprajapati\.m2\repository\net\jcip\jcip-annotations\1.0\jcip-annotations-1.0.jar;C:\Users\rprajapati\.m2\repository\org\seleniumhq\selenium\jetty-repacked\9.4.12.v20180830\jetty-repacked-9.4.12.v20180830.jar;C:\Users\rprajapati\.m2\repository\com\squareup\okhttp3\okhttp\3.11.0\okhttp-3.11.0.jar;C:\Users\rprajapati\.m2\repository\com\squareup\okio\okio\1.14.0\okio-1.14.0.jar;C:\Users\rprajapati\.m2\repository\javax\servlet\javax.servlet-api\3.1.0\javax.servlet-api-3.1.0.jar;C:\Users\rprajapati\.m2\repository\org\yaml\snakeyaml\1.19\snakeyaml-1.19.jar;C:\Users\rprajapati\.m2\repository\org\apache\poi\poi-ooxml\3.17\poi-ooxml-3.17.jar;C:\Users\rprajapati\.m2\repository\com\github\virtuald\curvesapi\1.04\curvesapi-1.04.jar;C:\Users\rprajapati\.m2\repository\org\apache\poi\poi\3.17\poi-3.17.jar;C:\Users\rprajapati\.m2\repository\commons-codec\commons-codec\1.10\commons-codec-1.10.jar;C:\Users\rprajapati\.m2\repository\org\apache\commons\commons-collections4\4.1\commons-collections4-4.1.jar;C:\Users\rprajapati\
Launcher Type: SUN_STANDARD

[Global flags]
     intx CICompilerCount                          = 4                                         {product} {ergonomic}
     uint ConcGCThreads                            = 2                                         {product} {ergonomic}
     uint G1ConcRefinementThreads                  = 8                                         {product} {ergonomic}
   size_t G1HeapRegionSize                         = 1048576                                   {product} {ergonomic}
    uintx GCDrainStackTargetSize                   = 64                                        {product} {ergonomic}
   size_t InitialHeapSize                          = 134217728                                 {product} {ergonomic}
   size_t MarkStackSize                            = 4194304                                   {product} {ergonomic}
   size_t MaxHeapSize                              = 2118123520                                {product} {ergonomic}
   size_t MaxNewSize                               = 1270874112                                {product} {ergonomic}
   size_t MinHeapDeltaBytes                        = 1048576                                   {product} {ergonomic}
   size_t MinHeapSize                              = 8388608                                   {product} {ergonomic}
    uintx NonNMethodCodeHeapSize                   = 5839372                                {pd product} {ergonomic}
    uintx NonProfiledCodeHeapSize                  = 122909434                              {pd product} {ergonomic}
    uintx ProfiledCodeHeapSize                     = 122909434                              {pd product} {ergonomic}
    uintx ReservedCodeCacheSize                    = 251658240                              {pd product} {ergonomic}
     bool SegmentedCodeCache                       = true                                      {product} {ergonomic}
     bool ShowCodeDetailsInExceptionMessages       = true                                   {manageable} {command line}
   size_t SoftMaxHeapSize                          = 2118123520                             {manageable} {ergonomic}
     bool UseCompressedClassPointers               = true                           {product lp64_product} {ergonomic}
     bool UseCompressedOops                        = true                           {product lp64_product} {ergonomic}
     bool UseG1GC                                  = true                                      {product} {ergonomic}
     bool UseLargePagesIndividualAllocation        = false                                  {pd product} {ergonomic}

Logging:
Log output configuration:
 #0: stdout all=warning uptime,level,tags
 #1: stderr all=off uptime,level,tags

Environment Variables:
JAVA_HOME=C:\Program Files\Java\jdk-11.0.13
PATH=C:\Users\rprajapati\.p2\pool\plugins\org.eclipse.justj.openjdk.hotspot.jre.full.win32.x86_64_16.0.2.v20210721-1149\jre\bin;C:/Users/rprajapati/.p2/pool/plugins/org.eclipse.justj.openjdk.hotspot.jre.full.win32.x86_64_16.0.2.v20210721-1149/jre/bin/server;C:/Users/rprajapati/.p2/pool/plugins/org.eclipse.justj.openjdk.hotspot.jre.full.win32.x86_64_16.0.2.v20210721-1149/jre/bin;C:\Program Files\Common Files\Oracle\Java\javapath;C:\Program Files (x86)\Common Files\Oracle\Java\javapath;C:\WINDOWS\system32;C:\WINDOWS;C:\WINDOWS\System32\Wbem;C:\WINDOWS\System32\WindowsPowerShell\v1.0\;C:\Program Files (x86)\Microsoft SQL Server\Client SDK\ODBC\110\Tools\Binn\;C:\Program Files (x86)\Microsoft SQL Server\120\Tools\Binn\ManagementStudio\;C:\Program Files (x86)\Microsoft SQL Server\120\Tools\Binn\;C:\Program Files (x86)\Microsoft SQL Server\120\DTS\Binn\;C:\WINDOWS\System32\OpenSSH\;C:\Program Files\Git\cmd;C:\Users\rprajapati\AppData\Local\Microsoft\WindowsApps;C:\Program Files\Java\jdk-11.0.13\bin;C:\Program Files\Jenkins;;C:\Users\rprajapati\eclipse\java-2021-06\eclipse;
USERNAME=rprajapati
OS=Windows_NT
PROCESSOR_IDENTIFIER=Intel64 Family 6 Model 142 Stepping 12, GenuineIntel



---------------  S Y S T E M  ---------------

OS:
 Windows 10 , 64 bit Build 19041 (10.0.19041.1741)
OS uptime: 1 days 2:23 hours

CPU: total 8 (initial active 8) (4 cores per cpu, 2 threads per core) family 6 model 142 stepping 12 microcode 0xb8, cx8, cmov, fxsr, ht, mmx, 3dnowpref, sse, sse2, sse3, ssse3, sse4.1, sse4.2, popcnt, lzcnt, tsc, tscinvbit, avx, avx2, aes, erms, clmul, bmi1, bmi2, adx, fma, vzeroupper, clflush, clflushopt

Memory: 4k page, system-wide physical 8078M (809M free)
TotalPageFile size 16466M (AvailPageFile size 5178M)
current process WorkingSet (physical memory assigned to process): 135M, peak: 157M
current process commit charge ("private bytes"): 168M, peak: 242M

vm_info: OpenJDK 64-Bit Server VM (16.0.2+7-67) for windows-amd64 JRE (16.0.2+7-67), built on Jun  8 2021 23:21:43 by "mach5one" with MS VC++ 16.7 (VS2019)

END.
